Change Component Description : Designator=DD4 Old Description=Floating channel designed for bootstrap operation New Description=Floating channel designed for bootstrap operation | Fully operational to +600 V | Tolerant to negative transient voltage, dV/dt immune | Gate drive supply range from 10 V to 20 V | Undervoltage lockout for all channels | Over-current shutdown turns off all six drivers | Independent 3 half-bridge drivers | Matched propagation delay for all channels | Cross-conduction prevention logic | Low side output out of phase with inputs. High side outputs out of phase | 3.3 V logic compatible | Lower di/dt gate drive for better noise immunity | Externally programmable delay for automatic fault clear | Variations include IR21363S
Change component parameters: Designator = "C2" ("C2"); Footprint = "CAPMP7343X310N"; UniqueID = "\UREIWDVY" ("\UREIWDVY")
Change component parameters (AddParameter): Name = "ValueDescription"; Value = "Конденсатор танталовый SMD"; VariantName = "[No Variations]"
Change component parameters (AddParameter): Name = "ValueManufacturer"; Value = "TECAP"; VariantName = "[No Variations]"
Change component parameters (AddParameter): Name = "ValueManufacturerPartNumber"; Value = "D "D" 27В-100мк 20%"; VariantName = "[No Variations]"
Change component parameters (AddParameter): Name = "ValueNote"; Value = ""; VariantName = "[No Variations]"
Change component parameters (AddParameter): Name = "ValuePackage"; Value = "D"; VariantName = "[No Variations]"
Change component parameters (AddParameter): Name = "ValueReserve1"; Value = ""; VariantName = "[No Variations]"
Change component parameters (AddParameter): Name = "ValueReserve2"; Value = ""; VariantName = "[No Variations]"
Change component parameters (AddParameter): Name = "ValueReserve3"; Value = ""; VariantName = "[No Variations]"
Change component parameters (AddParameter): Name = "ValueReserve4"; Value = ""; VariantName = "[No Variations]"
Change component parameters (AddParameter): Name = "ValueTKE"; Value = ""; VariantName = "[No Variations]"
Change component parameters (AddParameter): Name = "ValueTolerance"; Value = "20%"; VariantName = "[No Variations]"
Change component parameters (AddParameter): Name = "ValueTU"; Value = ""; VariantName = "[No Variations]"
Change component parameters (AddParameter): Name = "ValueType"; Value = "D"; VariantName = "[No Variations]"
Change component parameters (AddParameter): Name = "ValueType_TU"; Value = "Конденсаторы D "; VariantName = "[No Variations]"
Change component parameters (AddParameter): Name = "ValueValue"; Value = "100мк"; VariantName = "[No Variations]"
Change component parameters (AddParameter): Name = "ValueVoltage"; Value = "27В"; VariantName = "[No Variations]"
Change component parameters: Designator = "C21" ("C21"); Footprint = "CAPMP7343X310N"; UniqueID = "\PIASYVSC" ("\PIASYVSC")
Change component parameters (AddParameter): Name = "ValueDescription"; Value = "Конденсатор танталовый SMD"; VariantName = "[No Variations]"
Change component parameters (AddParameter): Name = "ValueManufacturer"; Value = "TECAP"; VariantName = "[No Variations]"
Change component parameters (AddParameter): Name = "ValueManufacturerPartNumber"; Value = "D "D" 27В-0,1мк 20%"; VariantName = "[No Variations]"
Change component parameters (AddParameter): Name = "ValueNote"; Value = ""; VariantName = "[No Variations]"
Change component parameters (AddParameter): Name = "ValuePackage"; Value = "D"; VariantName = "[No Variations]"
Change component parameters (AddParameter): Name = "ValueReserve1"; Value = ""; VariantName = "[No Variations]"
Change component parameters (AddParameter): Name = "ValueReserve2"; Value = ""; VariantName = "[No Variations]"
Change component parameters (AddParameter): Name = "ValueReserve3"; Value = ""; VariantName = "[No Variations]"
Change component parameters (AddParameter): Name = "ValueReserve4"; Value = ""; VariantName = "[No Variations]"
Change component parameters (AddParameter): Name = "ValueTKE"; Value = ""; VariantName = "[No Variations]"
Change component parameters (AddParameter): Name = "ValueTolerance"; Value = "20%"; VariantName = "[No Variations]"
Change component parameters (AddParameter): Name = "ValueTU"; Value = ""; VariantName = "[No Variations]"
Change component parameters (AddParameter): Name = "ValueType"; Value = "D"; VariantName = "[No Variations]"
Change component parameters (AddParameter): Name = "ValueType_TU"; Value = "Конденсаторы D "; VariantName = "[No Variations]"
Change component parameters (AddParameter): Name = "ValueValue"; Value = "0,1мк"; VariantName = "[No Variations]"
Change component parameters (AddParameter): Name = "ValueVoltage"; Value = "27В"; VariantName = "[No Variations]"
Change component parameters: Designator = "C22" ("C22"); Footprint = "CAPMP7343X310N"; UniqueID = "\WOIJSXST" ("\WOIJSXST")
Change component parameters (AddParameter): Name = "ValueDescription"; Value = "Конденсатор танталовый SMD"; VariantName = "[No Variations]"
Change component parameters (AddParameter): Name = "ValueManufacturer"; Value = "TECAP"; VariantName = "[No Variations]"
Change component parameters (AddParameter): Name = "ValueManufacturerPartNumber"; Value = "D "D" 25В-1н 20%"; VariantName = "[No Variations]"
Change component parameters (AddParameter): Name = "ValueNote"; Value = ""; VariantName = "[No Variations]"
Change component parameters (AddParameter): Name = "ValuePackage"; Value = "D"; VariantName = "[No Variations]"
Change component parameters (AddParameter): Name = "ValueReserve1"; Value = ""; VariantName = "[No Variations]"
Change component parameters (AddParameter): Name = "ValueReserve2"; Value = ""; VariantName = "[No Variations]"
Change component parameters (AddParameter): Name = "ValueReserve3"; Value = ""; VariantName = "[No Variations]"
Change component parameters (AddParameter): Name = "ValueReserve4"; Value = ""; VariantName = "[No Variations]"
Change component parameters (AddParameter): Name = "ValueTKE"; Value = ""; VariantName = "[No Variations]"
Change component parameters (AddParameter): Name = "ValueTolerance"; Value = "20%"; VariantName = "[No Variations]"
Change component parameters (AddParameter): Name = "ValueTU"; Value = ""; VariantName = "[No Variations]"
Change component parameters (AddParameter): Name = "ValueType"; Value = "D"; VariantName = "[No Variations]"
Change component parameters (AddParameter): Name = "ValueType_TU"; Value = "Конденсаторы D "; VariantName = "[No Variations]"
Change component parameters (AddParameter): Name = "ValueValue"; Value = "1н"; VariantName = "[No Variations]"
Change component parameters (AddParameter): Name = "ValueVoltage"; Value = "25В"; VariantName = "[No Variations]"
Change component parameters: Designator = "C23" ("C23"); Footprint = "CAPMP7343X310N"; UniqueID = "\PWELXEVF" ("\PWELXEVF")
Change component parameters (AddParameter): Name = "ValueDescription"; Value = "Конденсатор танталовый SMD"; VariantName = "[No Variations]"
Change component parameters (AddParameter): Name = "ValueManufacturer"; Value = "TECAP"; VariantName = "[No Variations]"
Change component parameters (AddParameter): Name = "ValueManufacturerPartNumber"; Value = "D "D" 27В-1мк 20%"; VariantName = "[No Variations]"
Change component parameters (AddParameter): Name = "ValueNote"; Value = ""; VariantName = "[No Variations]"
Change component parameters (AddParameter): Name = "ValuePackage"; Value = "D"; VariantName = "[No Variations]"
Change component parameters (AddParameter): Name = "ValueReserve1"; Value = ""; VariantName = "[No Variations]"
Change component parameters (AddParameter): Name = "ValueReserve2"; Value = ""; VariantName = "[No Variations]"
Change component parameters (AddParameter): Name = "ValueReserve3"; Value = ""; VariantName = "[No Variations]"
Change component parameters (AddParameter): Name = "ValueReserve4"; Value = ""; VariantName = "[No Variations]"
Change component parameters (AddParameter): Name = "ValueTKE"; Value = ""; VariantName = "[No Variations]"
Change component parameters (AddParameter): Name = "ValueTolerance"; Value = "20%"; VariantName = "[No Variations]"
Change component parameters (AddParameter): Name = "ValueTU"; Value = ""; VariantName = "[No Variations]"
Change component parameters (AddParameter): Name = "ValueType"; Value = "D"; VariantName = "[No Variations]"
Change component parameters (AddParameter): Name = "ValueType_TU"; Value = "Конденсаторы D "; VariantName = "[No Variations]"
Change component parameters (AddParameter): Name = "ValueValue"; Value = "1мк"; VariantName = "[No Variations]"
Change component parameters (AddParameter): Name = "ValueVoltage"; Value = "27В"; VariantName = "[No Variations]"
Change component parameters: Designator = "C25" ("C25"); Footprint = "CAPMP7343X310N"; UniqueID = "\SIUEDMGX" ("\SIUEDMGX")
Change component parameters (AddParameter): Name = "ValueDescription"; Value = "Конденсатор танталовый SMD"; VariantName = "[No Variations]"
Change component parameters (AddParameter): Name = "ValueManufacturer"; Value = "TECAP"; VariantName = "[No Variations]"
Change component parameters (AddParameter): Name = "ValueManufacturerPartNumber"; Value = "D "D" 27В-1мк 20%"; VariantName = "[No Variations]"
Change component parameters (AddParameter): Name = "ValueNote"; Value = ""; VariantName = "[No Variations]"
Change component parameters (AddParameter): Name = "ValuePackage"; Value = "D"; VariantName = "[No Variations]"
Change component parameters (AddParameter): Name = "ValueReserve1"; Value = ""; VariantName = "[No Variations]"
Change component parameters (AddParameter): Name = "ValueReserve2"; Value = ""; VariantName = "[No Variations]"
Change component parameters (AddParameter): Name = "ValueReserve3"; Value = ""; VariantName = "[No Variations]"
Change component parameters (AddParameter): Name = "ValueReserve4"; Value = ""; VariantName = "[No Variations]"
Change component parameters (AddParameter): Name = "ValueTKE"; Value = ""; VariantName = "[No Variations]"
Change component parameters (AddParameter): Name = "ValueTolerance"; Value = "20%"; VariantName = "[No Variations]"
Change component parameters (AddParameter): Name = "ValueTU"; Value = ""; VariantName = "[No Variations]"
Change component parameters (AddParameter): Name = "ValueType"; Value = "D"; VariantName = "[No Variations]"
Change component parameters (AddParameter): Name = "ValueType_TU"; Value = "Конденсаторы D "; VariantName = "[No Variations]"
Change component parameters (AddParameter): Name = "ValueValue"; Value = "1мк"; VariantName = "[No Variations]"
Change component parameters (AddParameter): Name = "ValueVoltage"; Value = "27В"; VariantName = "[No Variations]"
Change component parameters: Designator = "C26" ("C26"); Footprint = "CAPMP7343X310N"; UniqueID = "\EYAVDUCP" ("\EYAVDUCP")
Change component parameters (AddParameter): Name = "ValueDescription"; Value = "Конденсатор танталовый SMD"; VariantName = "[No Variations]"
Change component parameters (AddParameter): Name = "ValueManufacturer"; Value = "TECAP"; VariantName = "[No Variations]"
Change component parameters (AddParameter): Name = "ValueManufacturerPartNumber"; Value = "D "D" 27В-220мк 20%"; VariantName = "[No Variations]"
Change component parameters (AddParameter): Name = "ValueNote"; Value = ""; VariantName = "[No Variations]"
Change component parameters (AddParameter): Name = "ValuePackage"; Value = "D"; VariantName = "[No Variations]"
Change component parameters (AddParameter): Name = "ValueReserve1"; Value = ""; VariantName = "[No Variations]"
Change component parameters (AddParameter): Name = "ValueReserve2"; Value = ""; VariantName = "[No Variations]"
Change component parameters (AddParameter): Name = "ValueReserve3"; Value = ""; VariantName = "[No Variations]"
Change component parameters (AddParameter): Name = "ValueReserve4"; Value = ""; VariantName = "[No Variations]"
Change component parameters (AddParameter): Name = "ValueTKE"; Value = ""; VariantName = "[No Variations]"
Change component parameters (AddParameter): Name = "ValueTolerance"; Value = "20%"; VariantName = "[No Variations]"
Change component parameters (AddParameter): Name = "ValueTU"; Value = ""; VariantName = "[No Variations]"
Change component parameters (AddParameter): Name = "ValueType"; Value = "D"; VariantName = "[No Variations]"
Change component parameters (AddParameter): Name = "ValueType_TU"; Value = "Конденсаторы D "; VariantName = "[No Variations]"
Change component parameters (AddParameter): Name = "ValueValue"; Value = "220мк"; VariantName = "[No Variations]"
Change component parameters (AddParameter): Name = "ValueVoltage"; Value = "27В"; VariantName = "[No Variations]"
Change component parameters: Designator = "C27" ("C27"); Footprint = "CAPMP7343X310N"; UniqueID = "\WUMPITEW" ("\WUMPITEW")
Change component parameters (AddParameter): Name = "ValueDescription"; Value = "Конденсатор танталовый SMD"; VariantName = "[No Variations]"
Change component parameters (AddParameter): Name = "ValueManufacturer"; Value = "TECAP"; VariantName = "[No Variations]"
Change component parameters (AddParameter): Name = "ValueManufacturerPartNumber"; Value = "D "D" 27В-220мк 20%"; VariantName = "[No Variations]"
Change component parameters (AddParameter): Name = "ValueNote"; Value = ""; VariantName = "[No Variations]"
Change component parameters (AddParameter): Name = "ValuePackage"; Value = "D"; VariantName = "[No Variations]"
Change component parameters (AddParameter): Name = "ValueReserve1"; Value = ""; VariantName = "[No Variations]"
Change component parameters (AddParameter): Name = "ValueReserve2"; Value = ""; VariantName = "[No Variations]"
Change component parameters (AddParameter): Name = "ValueReserve3"; Value = ""; VariantName = "[No Variations]"
Change component parameters (AddParameter): Name = "ValueReserve4"; Value = ""; VariantName = "[No Variations]"
Change component parameters (AddParameter): Name = "ValueTKE"; Value = ""; VariantName = "[No Variations]"
Change component parameters (AddParameter): Name = "ValueTolerance"; Value = "20%"; VariantName = "[No Variations]"
Change component parameters (AddParameter): Name = "ValueTU"; Value = ""; VariantName = "[No Variations]"
Change component parameters (AddParameter): Name = "ValueType"; Value = "D"; VariantName = "[No Variations]"
Change component parameters (AddParameter): Name = "ValueType_TU"; Value = "Конденсаторы D "; VariantName = "[No Variations]"
Change component parameters (AddParameter): Name = "ValueValue"; Value = "220мк"; VariantName = "[No Variations]"
Change component parameters (AddParameter): Name = "ValueVoltage"; Value = "27В"; VariantName = "[No Variations]"
Change component parameters: Designator = "C28" ("C28"); Footprint = "CAPMP7343X310N"; UniqueID = "\JNBAXGWW" ("\JNBAXGWW")
Change component parameters (AddParameter): Name = "ValueDescription"; Value = "Конденсатор танталовый SMD"; VariantName = "[No Variations]"
Change component parameters (AddParameter): Name = "ValueManufacturer"; Value = "TECAP"; VariantName = "[No Variations]"
Change component parameters (AddParameter): Name = "ValueManufacturerPartNumber"; Value = "D "D" 27В-220мк 20%"; VariantName = "[No Variations]"
Change component parameters (AddParameter): Name = "ValueNote"; Value = ""; VariantName = "[No Variations]"
Change component parameters (AddParameter): Name = "ValuePackage"; Value = "D"; VariantName = "[No Variations]"
Change component parameters (AddParameter): Name = "ValueReserve1"; Value = ""; VariantName = "[No Variations]"
Change component parameters (AddParameter): Name = "ValueReserve2"; Value = ""; VariantName = "[No Variations]"
Change component parameters (AddParameter): Name = "ValueReserve3"; Value = ""; VariantName = "[No Variations]"
Change component parameters (AddParameter): Name = "ValueReserve4"; Value = ""; VariantName = "[No Variations]"
Change component parameters (AddParameter): Name = "ValueTKE"; Value = ""; VariantName = "[No Variations]"
Change component parameters (AddParameter): Name = "ValueTolerance"; Value = "20%"; VariantName = "[No Variations]"
Change component parameters (AddParameter): Name = "ValueTU"; Value = ""; VariantName = "[No Variations]"
Change component parameters (AddParameter): Name = "ValueType"; Value = "D"; VariantName = "[No Variations]"
Change component parameters (AddParameter): Name = "ValueType_TU"; Value = "Конденсаторы D "; VariantName = "[No Variations]"
Change component parameters (AddParameter): Name = "ValueValue"; Value = "220мк"; VariantName = "[No Variations]"
Change component parameters (AddParameter): Name = "ValueVoltage"; Value = "27В"; VariantName = "[No Variations]"
Change component parameters: Designator = "C1" ("C1"); Footprint = "CAPC3225X220N"; UniqueID = "\TSASDDYV" ("\TSASDDYV")
Change component parameters (AddParameter): Name = "ValueDescription"; Value = "Конденсатор"; VariantName = "[No Variations]"
Change component parameters (AddParameter): Name = "ValueManufacturer"; Value = ""; VariantName = "[No Variations]"
Change component parameters (AddParameter): Name = "ValueManufacturerPartNumber"; Value = " "" - "; VariantName = "[No Variations]"
Change component parameters (AddParameter): Name = "ValueNote"; Value = ""; VariantName = "[No Variations]"
Change component parameters (AddParameter): Name = "ValuePackage"; Value = ""; VariantName = "[No Variations]"
Change component parameters (AddParameter): Name = "ValueReserve1"; Value = ""; VariantName = "[No Variations]"
Change component parameters (AddParameter): Name = "ValueReserve2"; Value = ""; VariantName = "[No Variations]"
Change component parameters (AddParameter): Name = "ValueReserve3"; Value = ""; VariantName = "[No Variations]"
Change component parameters (AddParameter): Name = "ValueReserve4"; Value = ""; VariantName = "[No Variations]"
Change component parameters (AddParameter): Name = "ValueTKE"; Value = ""; VariantName = "[No Variations]"
Change component parameters (AddParameter): Name = "ValueTolerance"; Value = ""; VariantName = "[No Variations]"
Change component parameters (AddParameter): Name = "ValueTU"; Value = ""; VariantName = "[No Variations]"
Change component parameters (AddParameter): Name = "ValueType"; Value = ""; VariantName = "[No Variations]"
Change component parameters (AddParameter): Name = "ValueType_TU"; Value = "Конденсаторы  "; VariantName = "[No Variations]"
Change component parameters (AddParameter): Name = "ValueValue"; Value = ""; VariantName = "[No Variations]"
Change component parameters (AddParameter): Name = "ValueVoltage"; Value = ""; VariantName = "[No Variations]"
Change component parameters: Designator = "C3" ("C3"); Footprint = "CAPC3225X220N"; UniqueID = "\EGSRUJEF" ("\EGSRUJEF")
Change component parameters (AddParameter): Name = "ValueDescription"; Value = "Конденсатор"; VariantName = "[No Variations]"
Change component parameters (AddParameter): Name = "ValueManufacturer"; Value = ""; VariantName = "[No Variations]"
Change component parameters (AddParameter): Name = "ValueManufacturerPartNumber"; Value = " "" - "; VariantName = "[No Variations]"
Change component parameters (AddParameter): Name = "ValueNote"; Value = ""; VariantName = "[No Variations]"
Change component parameters (AddParameter): Name = "ValuePackage"; Value = ""; VariantName = "[No Variations]"
Change component parameters (AddParameter): Name = "ValueReserve1"; Value = ""; VariantName = "[No Variations]"
Change component parameters (AddParameter): Name = "ValueReserve2"; Value = ""; VariantName = "[No Variations]"
Change component parameters (AddParameter): Name = "ValueReserve3"; Value = ""; VariantName = "[No Variations]"
Change component parameters (AddParameter): Name = "ValueReserve4"; Value = ""; VariantName = "[No Variations]"
Change component parameters (AddParameter): Name = "ValueTKE"; Value = ""; VariantName = "[No Variations]"
Change component parameters (AddParameter): Name = "ValueTolerance"; Value = ""; VariantName = "[No Variations]"
Change component parameters (AddParameter): Name = "ValueTU"; Value = ""; VariantName = "[No Variations]"
Change component parameters (AddParameter): Name = "ValueType"; Value = ""; VariantName = "[No Variations]"
Change component parameters (AddParameter): Name = "ValueType_TU"; Value = "Конденсаторы  "; VariantName = "[No Variations]"
Change component parameters (AddParameter): Name = "ValueValue"; Value = ""; VariantName = "[No Variations]"
Change component parameters (AddParameter): Name = "ValueVoltage"; Value = ""; VariantName = "[No Variations]"
Change component parameters: Designator = "C4" ("C4"); Footprint = "CAPC3225X220N"; UniqueID = "\POIDIZIU" ("\POIDIZIU")
Change component parameters (AddParameter): Name = "ValueDescription"; Value = "Конденсатор"; VariantName = "[No Variations]"
Change component parameters (AddParameter): Name = "ValueManufacturer"; Value = ""; VariantName = "[No Variations]"
Change component parameters (AddParameter): Name = "ValueManufacturerPartNumber"; Value = " "" - "; VariantName = "[No Variations]"
Change component parameters (AddParameter): Name = "ValueNote"; Value = ""; VariantName = "[No Variations]"
Change component parameters (AddParameter): Name = "ValuePackage"; Value = ""; VariantName = "[No Variations]"
Change component parameters (AddParameter): Name = "ValueReserve1"; Value = ""; VariantName = "[No Variations]"
Change component parameters (AddParameter): Name = "ValueReserve2"; Value = ""; VariantName = "[No Variations]"
Change component parameters (AddParameter): Name = "ValueReserve3"; Value = ""; VariantName = "[No Variations]"
Change component parameters (AddParameter): Name = "ValueReserve4"; Value = ""; VariantName = "[No Variations]"
Change component parameters (AddParameter): Name = "ValueTKE"; Value = ""; VariantName = "[No Variations]"
Change component parameters (AddParameter): Name = "ValueTolerance"; Value = ""; VariantName = "[No Variations]"
Change component parameters (AddParameter): Name = "ValueTU"; Value = ""; VariantName = "[No Variations]"
Change component parameters (AddParameter): Name = "ValueType"; Value = ""; VariantName = "[No Variations]"
Change component parameters (AddParameter): Name = "ValueType_TU"; Value = "Конденсаторы  "; VariantName = "[No Variations]"
Change component parameters (AddParameter): Name = "ValueValue"; Value = ""; VariantName = "[No Variations]"
Change component parameters (AddParameter): Name = "ValueVoltage"; Value = ""; VariantName = "[No Variations]"
Change component parameters: Designator = "C5" ("C5"); Footprint = "CAPC3225X220N"; UniqueID = "\EYOKPRLM" ("\EYOKPRLM")
Change component parameters (AddParameter): Name = "ValueDescription"; Value = "Конденсатор"; VariantName = "[No Variations]"
Change component parameters (AddParameter): Name = "ValueManufacturer"; Value = ""; VariantName = "[No Variations]"
Change component parameters (AddParameter): Name = "ValueManufacturerPartNumber"; Value = " "" - "; VariantName = "[No Variations]"
Change component parameters (AddParameter): Name = "ValueNote"; Value = ""; VariantName = "[No Variations]"
Change component parameters (AddParameter): Name = "ValuePackage"; Value = ""; VariantName = "[No Variations]"
Change component parameters (AddParameter): Name = "ValueReserve1"; Value = ""; VariantName = "[No Variations]"
Change component parameters (AddParameter): Name = "ValueReserve2"; Value = ""; VariantName = "[No Variations]"
Change component parameters (AddParameter): Name = "ValueReserve3"; Value = ""; VariantName = "[No Variations]"
Change component parameters (AddParameter): Name = "ValueReserve4"; Value = ""; VariantName = "[No Variations]"
Change component parameters (AddParameter): Name = "ValueTKE"; Value = ""; VariantName = "[No Variations]"
Change component parameters (AddParameter): Name = "ValueTolerance"; Value = ""; VariantName = "[No Variations]"
Change component parameters (AddParameter): Name = "ValueTU"; Value = ""; VariantName = "[No Variations]"
Change component parameters (AddParameter): Name = "ValueType"; Value = ""; VariantName = "[No Variations]"
Change component parameters (AddParameter): Name = "ValueType_TU"; Value = "Конденсаторы  "; VariantName = "[No Variations]"
Change component parameters (AddParameter): Name = "ValueValue"; Value = ""; VariantName = "[No Variations]"
Change component parameters (AddParameter): Name = "ValueVoltage"; Value = ""; VariantName = "[No Variations]"
Change component parameters: Designator = "C6" ("C6"); Footprint = "CAPC3225X220N"; UniqueID = "\OJOJJRDZ" ("\OJOJJRDZ")
Change component parameters (AddParameter): Name = "ValueDescription"; Value = "Конденсатор"; VariantName = "[No Variations]"
Change component parameters (AddParameter): Name = "ValueManufacturer"; Value = ""; VariantName = "[No Variations]"
Change component parameters (AddParameter): Name = "ValueManufacturerPartNumber"; Value = " "" - "; VariantName = "[No Variations]"
Change component parameters (AddParameter): Name = "ValueNote"; Value = ""; VariantName = "[No Variations]"
Change component parameters (AddParameter): Name = "ValuePackage"; Value = ""; VariantName = "[No Variations]"
Change component parameters (AddParameter): Name = "ValueReserve1"; Value = ""; VariantName = "[No Variations]"
Change component parameters (AddParameter): Name = "ValueReserve2"; Value = ""; VariantName = "[No Variations]"
Change component parameters (AddParameter): Name = "ValueReserve3"; Value = ""; VariantName = "[No Variations]"
Change component parameters (AddParameter): Name = "ValueReserve4"; Value = ""; VariantName = "[No Variations]"
Change component parameters (AddParameter): Name = "ValueTKE"; Value = ""; VariantName = "[No Variations]"
Change component parameters (AddParameter): Name = "ValueTolerance"; Value = ""; VariantName = "[No Variations]"
Change component parameters (AddParameter): Name = "ValueTU"; Value = ""; VariantName = "[No Variations]"
Change component parameters (AddParameter): Name = "ValueType"; Value = ""; VariantName = "[No Variations]"
Change component parameters (AddParameter): Name = "ValueType_TU"; Value = "Конденсаторы  "; VariantName = "[No Variations]"
Change component parameters (AddParameter): Name = "ValueValue"; Value = ""; VariantName = "[No Variations]"
Change component parameters (AddParameter): Name = "ValueVoltage"; Value = ""; VariantName = "[No Variations]"
Change component parameters: Designator = "C7" ("C7"); Footprint = "CAPC3225X220N"; UniqueID = "\NXJMHICR" ("\NXJMHICR")
Change component parameters (AddParameter): Name = "ValueDescription"; Value = "Конденсатор"; VariantName = "[No Variations]"
Change component parameters (AddParameter): Name = "ValueManufacturer"; Value = ""; VariantName = "[No Variations]"
Change component parameters (AddParameter): Name = "ValueManufacturerPartNumber"; Value = " "" - "; VariantName = "[No Variations]"
Change component parameters (AddParameter): Name = "ValueNote"; Value = ""; VariantName = "[No Variations]"
Change component parameters (AddParameter): Name = "ValuePackage"; Value = ""; VariantName = "[No Variations]"
Change component parameters (AddParameter): Name = "ValueReserve1"; Value = ""; VariantName = "[No Variations]"
Change component parameters (AddParameter): Name = "ValueReserve2"; Value = ""; VariantName = "[No Variations]"
Change component parameters (AddParameter): Name = "ValueReserve3"; Value = ""; VariantName = "[No Variations]"
Change component parameters (AddParameter): Name = "ValueReserve4"; Value = ""; VariantName = "[No Variations]"
Change component parameters (AddParameter): Name = "ValueTKE"; Value = ""; VariantName = "[No Variations]"
Change component parameters (AddParameter): Name = "ValueTolerance"; Value = ""; VariantName = "[No Variations]"
Change component parameters (AddParameter): Name = "ValueTU"; Value = ""; VariantName = "[No Variations]"
Change component parameters (AddParameter): Name = "ValueType"; Value = ""; VariantName = "[No Variations]"
Change component parameters (AddParameter): Name = "ValueType_TU"; Value = "Конденсаторы  "; VariantName = "[No Variations]"
Change component parameters (AddParameter): Name = "ValueValue"; Value = ""; VariantName = "[No Variations]"
Change component parameters (AddParameter): Name = "ValueVoltage"; Value = ""; VariantName = "[No Variations]"
Change component parameters: Designator = "C8" ("C8"); Footprint = "WCAP-ATUL 6.3x11x2.5x0.5_90deg"; UniqueID = "\ABPMJXIT" ("\ABPMJXIT")
Change component parameters (AddParameter): Name = "ValueDescription"; Value = "Конденсатор полярный"; VariantName = "[No Variations]"
Change component parameters (AddParameter): Name = "ValueManufacturer"; Value = ""; VariantName = "[No Variations]"
Change component parameters (AddParameter): Name = "ValueManufacturerPartNumber"; Value = " "" - "; VariantName = "[No Variations]"
Change component parameters (AddParameter): Name = "ValueNote"; Value = ""; VariantName = "[No Variations]"
Change component parameters (AddParameter): Name = "ValuePackage"; Value = ""; VariantName = "[No Variations]"
Change component parameters (AddParameter): Name = "ValueReserve1"; Value = ""; VariantName = "[No Variations]"
Change component parameters (AddParameter): Name = "ValueReserve2"; Value = ""; VariantName = "[No Variations]"
Change component parameters (AddParameter): Name = "ValueReserve3"; Value = ""; VariantName = "[No Variations]"
Change component parameters (AddParameter): Name = "ValueReserve4"; Value = ""; VariantName = "[No Variations]"
Change component parameters (AddParameter): Name = "ValueTKE"; Value = ""; VariantName = "[No Variations]"
Change component parameters (AddParameter): Name = "ValueTolerance"; Value = ""; VariantName = "[No Variations]"
Change component parameters (AddParameter): Name = "ValueTU"; Value = ""; VariantName = "[No Variations]"
Change component parameters (AddParameter): Name = "ValueType"; Value = ""; VariantName = "[No Variations]"
Change component parameters (AddParameter): Name = "ValueType_TU"; Value = "Конденсаторы  "; VariantName = "[No Variations]"
Change component parameters (AddParameter): Name = "ValueValue"; Value = ""; VariantName = "[No Variations]"
Change component parameters (AddParameter): Name = "ValueVoltage"; Value = ""; VariantName = "[No Variations]"
Change component parameters: Designator = "C9" ("C9"); Footprint = "CAPC3225X220N"; UniqueID = "\QUDUIQOW" ("\QUDUIQOW")
Change component parameters (AddParameter): Name = "ValueDescription"; Value = "Конденсатор"; VariantName = "[No Variations]"
Change component parameters (AddParameter): Name = "ValueManufacturer"; Value = ""; VariantName = "[No Variations]"
Change component parameters (AddParameter): Name = "ValueManufacturerPartNumber"; Value = " "" - "; VariantName = "[No Variations]"
Change component parameters (AddParameter): Name = "ValueNote"; Value = ""; VariantName = "[No Variations]"
Change component parameters (AddParameter): Name = "ValuePackage"; Value = ""; VariantName = "[No Variations]"
Change component parameters (AddParameter): Name = "ValueReserve1"; Value = ""; VariantName = "[No Variations]"
Change component parameters (AddParameter): Name = "ValueReserve2"; Value = ""; VariantName = "[No Variations]"
Change component parameters (AddParameter): Name = "ValueReserve3"; Value = ""; VariantName = "[No Variations]"
Change component parameters (AddParameter): Name = "ValueReserve4"; Value = ""; VariantName = "[No Variations]"
Change component parameters (AddParameter): Name = "ValueTKE"; Value = ""; VariantName = "[No Variations]"
Change component parameters (AddParameter): Name = "ValueTolerance"; Value = ""; VariantName = "[No Variations]"
Change component parameters (AddParameter): Name = "ValueTU"; Value = ""; VariantName = "[No Variations]"
Change component parameters (AddParameter): Name = "ValueType"; Value = ""; VariantName = "[No Variations]"
Change component parameters (AddParameter): Name = "ValueType_TU"; Value = "Конденсаторы  "; VariantName = "[No Variations]"
Change component parameters (AddParameter): Name = "ValueValue"; Value = ""; VariantName = "[No Variations]"
Change component parameters (AddParameter): Name = "ValueVoltage"; Value = ""; VariantName = "[No Variations]"
Change component parameters: Designator = "C10" ("C10"); Footprint = "CAPC3225X220N"; UniqueID = "\BSOXUFUU" ("\BSOXUFUU")
Change component parameters (AddParameter): Name = "ValueDescription"; Value = "Конденсатор"; VariantName = "[No Variations]"
Change component parameters (AddParameter): Name = "ValueManufacturer"; Value = ""; VariantName = "[No Variations]"
Change component parameters (AddParameter): Name = "ValueManufacturerPartNumber"; Value = " "" - "; VariantName = "[No Variations]"
Change component parameters (AddParameter): Name = "ValueNote"; Value = ""; VariantName = "[No Variations]"
Change component parameters (AddParameter): Name = "ValuePackage"; Value = ""; VariantName = "[No Variations]"
Change component parameters (AddParameter): Name = "ValueReserve1"; Value = ""; VariantName = "[No Variations]"
Change component parameters (AddParameter): Name = "ValueReserve2"; Value = ""; VariantName = "[No Variations]"
Change component parameters (AddParameter): Name = "ValueReserve3"; Value = ""; VariantName = "[No Variations]"
Change component parameters (AddParameter): Name = "ValueReserve4"; Value = ""; VariantName = "[No Variations]"
Change component parameters (AddParameter): Name = "ValueTKE"; Value = ""; VariantName = "[No Variations]"
Change component parameters (AddParameter): Name = "ValueTolerance"; Value = ""; VariantName = "[No Variations]"
Change component parameters (AddParameter): Name = "ValueTU"; Value = ""; VariantName = "[No Variations]"
Change component parameters (AddParameter): Name = "ValueType"; Value = ""; VariantName = "[No Variations]"
Change component parameters (AddParameter): Name = "ValueType_TU"; Value = "Конденсаторы  "; VariantName = "[No Variations]"
Change component parameters (AddParameter): Name = "ValueValue"; Value = ""; VariantName = "[No Variations]"
Change component parameters (AddParameter): Name = "ValueVoltage"; Value = ""; VariantName = "[No Variations]"
Change component parameters: Designator = "C11" ("C11"); Footprint = "CAPC3225X220N"; UniqueID = "\BPSDHWXW" ("\BPSDHWXW")
Change component parameters (AddParameter): Name = "ValueDescription"; Value = "Конденсатор"; VariantName = "[No Variations]"
Change component parameters (AddParameter): Name = "ValueManufacturer"; Value = ""; VariantName = "[No Variations]"
Change component parameters (AddParameter): Name = "ValueManufacturerPartNumber"; Value = " "" - "; VariantName = "[No Variations]"
Change component parameters (AddParameter): Name = "ValueNote"; Value = ""; VariantName = "[No Variations]"
Change component parameters (AddParameter): Name = "ValuePackage"; Value = ""; VariantName = "[No Variations]"
Change component parameters (AddParameter): Name = "ValueReserve1"; Value = ""; VariantName = "[No Variations]"
Change component parameters (AddParameter): Name = "ValueReserve2"; Value = ""; VariantName = "[No Variations]"
Change component parameters (AddParameter): Name = "ValueReserve3"; Value = ""; VariantName = "[No Variations]"
Change component parameters (AddParameter): Name = "ValueReserve4"; Value = ""; VariantName = "[No Variations]"
Change component parameters (AddParameter): Name = "ValueTKE"; Value = ""; VariantName = "[No Variations]"
Change component parameters (AddParameter): Name = "ValueTolerance"; Value = ""; VariantName = "[No Variations]"
Change component parameters (AddParameter): Name = "ValueTU"; Value = ""; VariantName = "[No Variations]"
Change component parameters (AddParameter): Name = "ValueType"; Value = ""; VariantName = "[No Variations]"
Change component parameters (AddParameter): Name = "ValueType_TU"; Value = "Конденсаторы  "; VariantName = "[No Variations]"
Change component parameters (AddParameter): Name = "ValueValue"; Value = ""; VariantName = "[No Variations]"
Change component parameters (AddParameter): Name = "ValueVoltage"; Value = ""; VariantName = "[No Variations]"
Change component parameters: Designator = "C12" ("C12"); Footprint = "CAPC3225X220N"; UniqueID = "\PEAHKADP" ("\PEAHKADP")
Change component parameters (AddParameter): Name = "ValueDescription"; Value = "Конденсатор"; VariantName = "[No Variations]"
Change component parameters (AddParameter): Name = "ValueManufacturer"; Value = ""; VariantName = "[No Variations]"
Change component parameters (AddParameter): Name = "ValueManufacturerPartNumber"; Value = " "" - "; VariantName = "[No Variations]"
Change component parameters (AddParameter): Name = "ValueNote"; Value = ""; VariantName = "[No Variations]"
Change component parameters (AddParameter): Name = "ValuePackage"; Value = ""; VariantName = "[No Variations]"
Change component parameters (AddParameter): Name = "ValueReserve1"; Value = ""; VariantName = "[No Variations]"
Change component parameters (AddParameter): Name = "ValueReserve2"; Value = ""; VariantName = "[No Variations]"
Change component parameters (AddParameter): Name = "ValueReserve3"; Value = ""; VariantName = "[No Variations]"
Change component parameters (AddParameter): Name = "ValueReserve4"; Value = ""; VariantName = "[No Variations]"
Change component parameters (AddParameter): Name = "ValueTKE"; Value = ""; VariantName = "[No Variations]"
Change component parameters (AddParameter): Name = "ValueTolerance"; Value = ""; VariantName = "[No Variations]"
Change component parameters (AddParameter): Name = "ValueTU"; Value = ""; VariantName = "[No Variations]"
Change component parameters (AddParameter): Name = "ValueType"; Value = ""; VariantName = "[No Variations]"
Change component parameters (AddParameter): Name = "ValueType_TU"; Value = "Конденсаторы  "; VariantName = "[No Variations]"
Change component parameters (AddParameter): Name = "ValueValue"; Value = ""; VariantName = "[No Variations]"
Change component parameters (AddParameter): Name = "ValueVoltage"; Value = ""; VariantName = "[No Variations]"
Change component parameters: Designator = "C13" ("C13"); Footprint = "CAPC3225X220N"; UniqueID = "\DJHQMJHN" ("\DJHQMJHN")
Change component parameters (AddParameter): Name = "ValueDescription"; Value = "Конденсатор"; VariantName = "[No Variations]"
Change component parameters (AddParameter): Name = "ValueManufacturer"; Value = ""; VariantName = "[No Variations]"
Change component parameters (AddParameter): Name = "ValueManufacturerPartNumber"; Value = " "" - "; VariantName = "[No Variations]"
Change component parameters (AddParameter): Name = "ValueNote"; Value = ""; VariantName = "[No Variations]"
Change component parameters (AddParameter): Name = "ValuePackage"; Value = ""; VariantName = "[No Variations]"
Change component parameters (AddParameter): Name = "ValueReserve1"; Value = ""; VariantName = "[No Variations]"
Change component parameters (AddParameter): Name = "ValueReserve2"; Value = ""; VariantName = "[No Variations]"
Change component parameters (AddParameter): Name = "ValueReserve3"; Value = ""; VariantName = "[No Variations]"
Change component parameters (AddParameter): Name = "ValueReserve4"; Value = ""; VariantName = "[No Variations]"
Change component parameters (AddParameter): Name = "ValueTKE"; Value = ""; VariantName = "[No Variations]"
Change component parameters (AddParameter): Name = "ValueTolerance"; Value = ""; VariantName = "[No Variations]"
Change component parameters (AddParameter): Name = "ValueTU"; Value = ""; VariantName = "[No Variations]"
Change component parameters (AddParameter): Name = "ValueType"; Value = ""; VariantName = "[No Variations]"
Change component parameters (AddParameter): Name = "ValueType_TU"; Value = "Конденсаторы  "; VariantName = "[No Variations]"
Change component parameters (AddParameter): Name = "ValueValue"; Value = ""; VariantName = "[No Variations]"
Change component parameters (AddParameter): Name = "ValueVoltage"; Value = ""; VariantName = "[No Variations]"
Change component parameters: Designator = "C14" ("C14"); Footprint = "CAPC3225X220N"; UniqueID = "\NLGWEVDB" ("\NLGWEVDB")
Change component parameters (AddParameter): Name = "ValueDescription"; Value = "Конденсатор"; VariantName = "[No Variations]"
Change component parameters (AddParameter): Name = "ValueManufacturer"; Value = ""; VariantName = "[No Variations]"
Change component parameters (AddParameter): Name = "ValueManufacturerPartNumber"; Value = " "" - "; VariantName = "[No Variations]"
Change component parameters (AddParameter): Name = "ValueNote"; Value = ""; VariantName = "[No Variations]"
Change component parameters (AddParameter): Name = "ValuePackage"; Value = ""; VariantName = "[No Variations]"
Change component parameters (AddParameter): Name = "ValueReserve1"; Value = ""; VariantName = "[No Variations]"
Change component parameters (AddParameter): Name = "ValueReserve2"; Value = ""; VariantName = "[No Variations]"
Change component parameters (AddParameter): Name = "ValueReserve3"; Value = ""; VariantName = "[No Variations]"
Change component parameters (AddParameter): Name = "ValueReserve4"; Value = ""; VariantName = "[No Variations]"
Change component parameters (AddParameter): Name = "ValueTKE"; Value = ""; VariantName = "[No Variations]"
Change component parameters (AddParameter): Name = "ValueTolerance"; Value = ""; VariantName = "[No Variations]"
Change component parameters (AddParameter): Name = "ValueTU"; Value = ""; VariantName = "[No Variations]"
Change component parameters (AddParameter): Name = "ValueType"; Value = ""; VariantName = "[No Variations]"
Change component parameters (AddParameter): Name = "ValueType_TU"; Value = "Конденсаторы  "; VariantName = "[No Variations]"
Change component parameters (AddParameter): Name = "ValueValue"; Value = ""; VariantName = "[No Variations]"
Change component parameters (AddParameter): Name = "ValueVoltage"; Value = ""; VariantName = "[No Variations]"
Change component parameters: Designator = "C15" ("C15"); Footprint = "CAPC3225X220N"; UniqueID = "\MYTQOKSO" ("\MYTQOKSO")
Change component parameters (AddParameter): Name = "ValueDescription"; Value = "Конденсатор"; VariantName = "[No Variations]"
Change component parameters (AddParameter): Name = "ValueManufacturer"; Value = ""; VariantName = "[No Variations]"
Change component parameters (AddParameter): Name = "ValueManufacturerPartNumber"; Value = " "" - "; VariantName = "[No Variations]"
Change component parameters (AddParameter): Name = "ValueNote"; Value = ""; VariantName = "[No Variations]"
Change component parameters (AddParameter): Name = "ValuePackage"; Value = ""; VariantName = "[No Variations]"
Change component parameters (AddParameter): Name = "ValueReserve1"; Value = ""; VariantName = "[No Variations]"
Change component parameters (AddParameter): Name = "ValueReserve2"; Value = ""; VariantName = "[No Variations]"
Change component parameters (AddParameter): Name = "ValueReserve3"; Value = ""; VariantName = "[No Variations]"
Change component parameters (AddParameter): Name = "ValueReserve4"; Value = ""; VariantName = "[No Variations]"
Change component parameters (AddParameter): Name = "ValueTKE"; Value = ""; VariantName = "[No Variations]"
Change component parameters (AddParameter): Name = "ValueTolerance"; Value = ""; VariantName = "[No Variations]"
Change component parameters (AddParameter): Name = "ValueTU"; Value = ""; VariantName = "[No Variations]"
Change component parameters (AddParameter): Name = "ValueType"; Value = ""; VariantName = "[No Variations]"
Change component parameters (AddParameter): Name = "ValueType_TU"; Value = "Конденсаторы  "; VariantName = "[No Variations]"
Change component parameters (AddParameter): Name = "ValueValue"; Value = ""; VariantName = "[No Variations]"
Change component parameters (AddParameter): Name = "ValueVoltage"; Value = ""; VariantName = "[No Variations]"
Change component parameters: Designator = "C16" ("C16"); Footprint = "CAPC3225X220N"; UniqueID = "\OOPPZFQU" ("\OOPPZFQU")
Change component parameters (AddParameter): Name = "ValueDescription"; Value = "Конденсатор"; VariantName = "[No Variations]"
Change component parameters (AddParameter): Name = "ValueManufacturer"; Value = ""; VariantName = "[No Variations]"
Change component parameters (AddParameter): Name = "ValueManufacturerPartNumber"; Value = " "" - "; VariantName = "[No Variations]"
Change component parameters (AddParameter): Name = "ValueNote"; Value = ""; VariantName = "[No Variations]"
Change component parameters (AddParameter): Name = "ValuePackage"; Value = ""; VariantName = "[No Variations]"
Change component parameters (AddParameter): Name = "ValueReserve1"; Value = ""; VariantName = "[No Variations]"
Change component parameters (AddParameter): Name = "ValueReserve2"; Value = ""; VariantName = "[No Variations]"
Change component parameters (AddParameter): Name = "ValueReserve3"; Value = ""; VariantName = "[No Variations]"
Change component parameters (AddParameter): Name = "ValueReserve4"; Value = ""; VariantName = "[No Variations]"
Change component parameters (AddParameter): Name = "ValueTKE"; Value = ""; VariantName = "[No Variations]"
Change component parameters (AddParameter): Name = "ValueTolerance"; Value = ""; VariantName = "[No Variations]"
Change component parameters (AddParameter): Name = "ValueTU"; Value = ""; VariantName = "[No Variations]"
Change component parameters (AddParameter): Name = "ValueType"; Value = ""; VariantName = "[No Variations]"
Change component parameters (AddParameter): Name = "ValueType_TU"; Value = "Конденсаторы  "; VariantName = "[No Variations]"
Change component parameters (AddParameter): Name = "ValueValue"; Value = ""; VariantName = "[No Variations]"
Change component parameters (AddParameter): Name = "ValueVoltage"; Value = ""; VariantName = "[No Variations]"
Change component parameters: Designator = "C20" ("C20"); Footprint = "WCAP-ATUL 6.3x11x2.5x0.5_90deg"; UniqueID = "\OSAIJSLG" ("\OSAIJSLG")
Change component parameters (AddParameter): Name = "ValueDescription"; Value = "Конденсатор полярный"; VariantName = "[No Variations]"
Change component parameters (AddParameter): Name = "ValueManufacturer"; Value = ""; VariantName = "[No Variations]"
Change component parameters (AddParameter): Name = "ValueManufacturerPartNumber"; Value = " "" - "; VariantName = "[No Variations]"
Change component parameters (AddParameter): Name = "ValueNote"; Value = ""; VariantName = "[No Variations]"
Change component parameters (AddParameter): Name = "ValuePackage"; Value = ""; VariantName = "[No Variations]"
Change component parameters (AddParameter): Name = "ValueReserve1"; Value = ""; VariantName = "[No Variations]"
Change component parameters (AddParameter): Name = "ValueReserve2"; Value = ""; VariantName = "[No Variations]"
Change component parameters (AddParameter): Name = "ValueReserve3"; Value = ""; VariantName = "[No Variations]"
Change component parameters (AddParameter): Name = "ValueReserve4"; Value = ""; VariantName = "[No Variations]"
Change component parameters (AddParameter): Name = "ValueTKE"; Value = ""; VariantName = "[No Variations]"
Change component parameters (AddParameter): Name = "ValueTolerance"; Value = ""; VariantName = "[No Variations]"
Change component parameters (AddParameter): Name = "ValueTU"; Value = ""; VariantName = "[No Variations]"
Change component parameters (AddParameter): Name = "ValueType"; Value = ""; VariantName = "[No Variations]"
Change component parameters (AddParameter): Name = "ValueType_TU"; Value = "Конденсаторы  "; VariantName = "[No Variations]"
Change component parameters (AddParameter): Name = "ValueValue"; Value = ""; VariantName = "[No Variations]"
Change component parameters (AddParameter): Name = "ValueVoltage"; Value = ""; VariantName = "[No Variations]"
Change component parameters: Designator = "C24" ("C24"); Footprint = "WCAP-ATUL 6.3x11x2.5x0.5_90deg"; UniqueID = "\PISDPUGW" ("\PISDPUGW")
Change component parameters (AddParameter): Name = "ValueDescription"; Value = "Конденсатор полярный"; VariantName = "[No Variations]"
Change component parameters (AddParameter): Name = "ValueManufacturer"; Value = ""; VariantName = "[No Variations]"
Change component parameters (AddParameter): Name = "ValueManufacturerPartNumber"; Value = " "" - "; VariantName = "[No Variations]"
Change component parameters (AddParameter): Name = "ValueNote"; Value = ""; VariantName = "[No Variations]"
Change component parameters (AddParameter): Name = "ValuePackage"; Value = ""; VariantName = "[No Variations]"
Change component parameters (AddParameter): Name = "ValueReserve1"; Value = ""; VariantName = "[No Variations]"
Change component parameters (AddParameter): Name = "ValueReserve2"; Value = ""; VariantName = "[No Variations]"
Change component parameters (AddParameter): Name = "ValueReserve3"; Value = ""; VariantName = "[No Variations]"
Change component parameters (AddParameter): Name = "ValueReserve4"; Value = ""; VariantName = "[No Variations]"
Change component parameters (AddParameter): Name = "ValueTKE"; Value = ""; VariantName = "[No Variations]"
Change component parameters (AddParameter): Name = "ValueTolerance"; Value = ""; VariantName = "[No Variations]"
Change component parameters (AddParameter): Name = "ValueTU"; Value = ""; VariantName = "[No Variations]"
Change component parameters (AddParameter): Name = "ValueType"; Value = ""; VariantName = "[No Variations]"
Change component parameters (AddParameter): Name = "ValueType_TU"; Value = "Конденсаторы  "; VariantName = "[No Variations]"
Change component parameters (AddParameter): Name = "ValueValue"; Value = ""; VariantName = "[No Variations]"
Change component parameters (AddParameter): Name = "ValueVoltage"; Value = ""; VariantName = "[No Variations]"
Change component parameters: Designator = "R1" ("R1"); Footprint = "RES0805"; UniqueID = "\QKZIRRAB" ("\QKZIRRAB")
Change component parameters (AddParameter): Name = "ValueDescription"; Value = "Резистор"; VariantName = "[No Variations]"
Change component parameters (AddParameter): Name = "ValueManufacturer"; Value = ""; VariantName = "[No Variations]"
Change component parameters (AddParameter): Name = "ValueManufacturerPartNumber"; Value = " "" - "; VariantName = "[No Variations]"
Change component parameters (AddParameter): Name = "ValueNote"; Value = ""; VariantName = "[No Variations]"
Change component parameters (AddParameter): Name = "ValuePackage"; Value = ""; VariantName = "[No Variations]"
Change component parameters (AddParameter): Name = "ValuePower"; Value = ""; VariantName = "[No Variations]"
Change component parameters (AddParameter): Name = "ValueReserve1"; Value = ""; VariantName = "[No Variations]"
Change component parameters (AddParameter): Name = "ValueReserve2"; Value = ""; VariantName = "[No Variations]"
Change component parameters (AddParameter): Name = "ValueReserve3"; Value = ""; VariantName = "[No Variations]"
Change component parameters (AddParameter): Name = "ValueReserve4"; Value = ""; VariantName = "[No Variations]"
Change component parameters (AddParameter): Name = "ValueTolerance"; Value = ""; VariantName = "[No Variations]"
Change component parameters (AddParameter): Name = "ValueTU"; Value = ""; VariantName = "[No Variations]"
Change component parameters (AddParameter): Name = "ValueType"; Value = ""; VariantName = "[No Variations]"
Change component parameters (AddParameter): Name = "ValueType_TU"; Value = "Резисторы  "; VariantName = "[No Variations]"
Change component parameters (AddParameter): Name = "ValueValue"; Value = ""; VariantName = "[No Variations]"
Change component parameters: Designator = "R2" ("R2"); Footprint = "RES0805"; UniqueID = "\NZVUIASF" ("\NZVUIASF")
Change component parameters (AddParameter): Name = "ValueDescription"; Value = "Резистор"; VariantName = "[No Variations]"
Change component parameters (AddParameter): Name = "ValueManufacturer"; Value = ""; VariantName = "[No Variations]"
Change component parameters (AddParameter): Name = "ValueManufacturerPartNumber"; Value = " "" - "; VariantName = "[No Variations]"
Change component parameters (AddParameter): Name = "ValueNote"; Value = ""; VariantName = "[No Variations]"
Change component parameters (AddParameter): Name = "ValuePackage"; Value = ""; VariantName = "[No Variations]"
Change component parameters (AddParameter): Name = "ValuePower"; Value = ""; VariantName = "[No Variations]"
Change component parameters (AddParameter): Name = "ValueReserve1"; Value = ""; VariantName = "[No Variations]"
Change component parameters (AddParameter): Name = "ValueReserve2"; Value = ""; VariantName = "[No Variations]"
Change component parameters (AddParameter): Name = "ValueReserve3"; Value = ""; VariantName = "[No Variations]"
Change component parameters (AddParameter): Name = "ValueReserve4"; Value = ""; VariantName = "[No Variations]"
Change component parameters (AddParameter): Name = "ValueTolerance"; Value = ""; VariantName = "[No Variations]"
Change component parameters (AddParameter): Name = "ValueTU"; Value = ""; VariantName = "[No Variations]"
Change component parameters (AddParameter): Name = "ValueType"; Value = ""; VariantName = "[No Variations]"
Change component parameters (AddParameter): Name = "ValueType_TU"; Value = "Резисторы  "; VariantName = "[No Variations]"
Change component parameters (AddParameter): Name = "ValueValue"; Value = ""; VariantName = "[No Variations]"
Change component parameters: Designator = "R3" ("R3"); Footprint = "RES0805"; UniqueID = "\RCEXNFWC" ("\RCEXNFWC")
Change component parameters (AddParameter): Name = "ValueDescription"; Value = "Резистор"; VariantName = "[No Variations]"
Change component parameters (AddParameter): Name = "ValueManufacturer"; Value = ""; VariantName = "[No Variations]"
Change component parameters (AddParameter): Name = "ValueManufacturerPartNumber"; Value = " "" - "; VariantName = "[No Variations]"
Change component parameters (AddParameter): Name = "ValueNote"; Value = ""; VariantName = "[No Variations]"
Change component parameters (AddParameter): Name = "ValuePackage"; Value = ""; VariantName = "[No Variations]"
Change component parameters (AddParameter): Name = "ValuePower"; Value = ""; VariantName = "[No Variations]"
Change component parameters (AddParameter): Name = "ValueReserve1"; Value = ""; VariantName = "[No Variations]"
Change component parameters (AddParameter): Name = "ValueReserve2"; Value = ""; VariantName = "[No Variations]"
Change component parameters (AddParameter): Name = "ValueReserve3"; Value = ""; VariantName = "[No Variations]"
Change component parameters (AddParameter): Name = "ValueReserve4"; Value = ""; VariantName = "[No Variations]"
Change component parameters (AddParameter): Name = "ValueTolerance"; Value = ""; VariantName = "[No Variations]"
Change component parameters (AddParameter): Name = "ValueTU"; Value = ""; VariantName = "[No Variations]"
Change component parameters (AddParameter): Name = "ValueType"; Value = ""; VariantName = "[No Variations]"
Change component parameters (AddParameter): Name = "ValueType_TU"; Value = "Резисторы  "; VariantName = "[No Variations]"
Change component parameters (AddParameter): Name = "ValueValue"; Value = ""; VariantName = "[No Variations]"
Change component parameters: Designator = "R4" ("R4"); Footprint = "RES0805"; UniqueID = "\JLVUKGRW" ("\JLVUKGRW")
Change component parameters (AddParameter): Name = "ValueDescription"; Value = "Резистор"; VariantName = "[No Variations]"
Change component parameters (AddParameter): Name = "ValueManufacturer"; Value = ""; VariantName = "[No Variations]"
Change component parameters (AddParameter): Name = "ValueManufacturerPartNumber"; Value = " "" - "; VariantName = "[No Variations]"
Change component parameters (AddParameter): Name = "ValueNote"; Value = ""; VariantName = "[No Variations]"
Change component parameters (AddParameter): Name = "ValuePackage"; Value = ""; VariantName = "[No Variations]"
Change component parameters (AddParameter): Name = "ValuePower"; Value = ""; VariantName = "[No Variations]"
Change component parameters (AddParameter): Name = "ValueReserve1"; Value = ""; VariantName = "[No Variations]"
Change component parameters (AddParameter): Name = "ValueReserve2"; Value = ""; VariantName = "[No Variations]"
Change component parameters (AddParameter): Name = "ValueReserve3"; Value = ""; VariantName = "[No Variations]"
Change component parameters (AddParameter): Name = "ValueReserve4"; Value = ""; VariantName = "[No Variations]"
Change component parameters (AddParameter): Name = "ValueTolerance"; Value = ""; VariantName = "[No Variations]"
Change component parameters (AddParameter): Name = "ValueTU"; Value = ""; VariantName = "[No Variations]"
Change component parameters (AddParameter): Name = "ValueType"; Value = ""; VariantName = "[No Variations]"
Change component parameters (AddParameter): Name = "ValueType_TU"; Value = "Резисторы  "; VariantName = "[No Variations]"
Change component parameters (AddParameter): Name = "ValueValue"; Value = ""; VariantName = "[No Variations]"
Change component parameters: Designator = "R5" ("R5"); Footprint = "RES0805"; UniqueID = "\BQYQAJVE" ("\BQYQAJVE")
Change component parameters (AddParameter): Name = "ValueDescription"; Value = "Резистор"; VariantName = "[No Variations]"
Change component parameters (AddParameter): Name = "ValueManufacturer"; Value = ""; VariantName = "[No Variations]"
Change component parameters (AddParameter): Name = "ValueManufacturerPartNumber"; Value = " "" - "; VariantName = "[No Variations]"
Change component parameters (AddParameter): Name = "ValueNote"; Value = ""; VariantName = "[No Variations]"
Change component parameters (AddParameter): Name = "ValuePackage"; Value = ""; VariantName = "[No Variations]"
Change component parameters (AddParameter): Name = "ValuePower"; Value = ""; VariantName = "[No Variations]"
Change component parameters (AddParameter): Name = "ValueReserve1"; Value = ""; VariantName = "[No Variations]"
Change component parameters (AddParameter): Name = "ValueReserve2"; Value = ""; VariantName = "[No Variations]"
Change component parameters (AddParameter): Name = "ValueReserve3"; Value = ""; VariantName = "[No Variations]"
Change component parameters (AddParameter): Name = "ValueReserve4"; Value = ""; VariantName = "[No Variations]"
Change component parameters (AddParameter): Name = "ValueTolerance"; Value = ""; VariantName = "[No Variations]"
Change component parameters (AddParameter): Name = "ValueTU"; Value = ""; VariantName = "[No Variations]"
Change component parameters (AddParameter): Name = "ValueType"; Value = ""; VariantName = "[No Variations]"
Change component parameters (AddParameter): Name = "ValueType_TU"; Value = "Резисторы  "; VariantName = "[No Variations]"
Change component parameters (AddParameter): Name = "ValueValue"; Value = ""; VariantName = "[No Variations]"
Change component parameters: Designator = "R6" ("R6"); Footprint = "RES0805"; UniqueID = "\MKJVWGCS" ("\MKJVWGCS")
Change component parameters (AddParameter): Name = "ValueDescription"; Value = "Резистор"; VariantName = "[No Variations]"
Change component parameters (AddParameter): Name = "ValueManufacturer"; Value = ""; VariantName = "[No Variations]"
Change component parameters (AddParameter): Name = "ValueManufacturerPartNumber"; Value = " "" - "; VariantName = "[No Variations]"
Change component parameters (AddParameter): Name = "ValueNote"; Value = ""; VariantName = "[No Variations]"
Change component parameters (AddParameter): Name = "ValuePackage"; Value = ""; VariantName = "[No Variations]"
Change component parameters (AddParameter): Name = "ValuePower"; Value = ""; VariantName = "[No Variations]"
Change component parameters (AddParameter): Name = "ValueReserve1"; Value = ""; VariantName = "[No Variations]"
Change component parameters (AddParameter): Name = "ValueReserve2"; Value = ""; VariantName = "[No Variations]"
Change component parameters (AddParameter): Name = "ValueReserve3"; Value = ""; VariantName = "[No Variations]"
Change component parameters (AddParameter): Name = "ValueReserve4"; Value = ""; VariantName = "[No Variations]"
Change component parameters (AddParameter): Name = "ValueTolerance"; Value = ""; VariantName = "[No Variations]"
Change component parameters (AddParameter): Name = "ValueTU"; Value = ""; VariantName = "[No Variations]"
Change component parameters (AddParameter): Name = "ValueType"; Value = ""; VariantName = "[No Variations]"
Change component parameters (AddParameter): Name = "ValueType_TU"; Value = "Резисторы  "; VariantName = "[No Variations]"
Change component parameters (AddParameter): Name = "ValueValue"; Value = ""; VariantName = "[No Variations]"
Change component parameters: Designator = "R7" ("R7"); Footprint = "RES0805"; UniqueID = "\MNBRYYJK" ("\MNBRYYJK")
Change component parameters (AddParameter): Name = "ValueDescription"; Value = "Резистор"; VariantName = "[No Variations]"
Change component parameters (AddParameter): Name = "ValueManufacturer"; Value = ""; VariantName = "[No Variations]"
Change component parameters (AddParameter): Name = "ValueManufacturerPartNumber"; Value = " "" -300 "; VariantName = "[No Variations]"
Change component parameters (AddParameter): Name = "ValueNote"; Value = ""; VariantName = "[No Variations]"
Change component parameters (AddParameter): Name = "ValuePackage"; Value = ""; VariantName = "[No Variations]"
Change component parameters (AddParameter): Name = "ValuePower"; Value = ""; VariantName = "[No Variations]"
Change component parameters (AddParameter): Name = "ValueReserve1"; Value = ""; VariantName = "[No Variations]"
Change component parameters (AddParameter): Name = "ValueReserve2"; Value = ""; VariantName = "[No Variations]"
Change component parameters (AddParameter): Name = "ValueReserve3"; Value = ""; VariantName = "[No Variations]"
Change component parameters (AddParameter): Name = "ValueReserve4"; Value = ""; VariantName = "[No Variations]"
Change component parameters (AddParameter): Name = "ValueTolerance"; Value = ""; VariantName = "[No Variations]"
Change component parameters (AddParameter): Name = "ValueTU"; Value = ""; VariantName = "[No Variations]"
Change component parameters (AddParameter): Name = "ValueType"; Value = ""; VariantName = "[No Variations]"
Change component parameters (AddParameter): Name = "ValueType_TU"; Value = "Резисторы  "; VariantName = "[No Variations]"
Change component parameters (AddParameter): Name = "ValueValue"; Value = "300"; VariantName = "[No Variations]"
Change component parameters: Designator = "R8" ("R8"); Footprint = "RES0805"; UniqueID = "\PFSBRYAZ" ("\PFSBRYAZ")
Change component parameters (AddParameter): Name = "ValueDescription"; Value = "Резистор"; VariantName = "[No Variations]"
Change component parameters (AddParameter): Name = "ValueManufacturer"; Value = ""; VariantName = "[No Variations]"
Change component parameters (AddParameter): Name = "ValueManufacturerPartNumber"; Value = " "" -300 "; VariantName = "[No Variations]"
Change component parameters (AddParameter): Name = "ValueNote"; Value = ""; VariantName = "[No Variations]"
Change component parameters (AddParameter): Name = "ValuePackage"; Value = ""; VariantName = "[No Variations]"
Change component parameters (AddParameter): Name = "ValuePower"; Value = ""; VariantName = "[No Variations]"
Change component parameters (AddParameter): Name = "ValueReserve1"; Value = ""; VariantName = "[No Variations]"
Change component parameters (AddParameter): Name = "ValueReserve2"; Value = ""; VariantName = "[No Variations]"
Change component parameters (AddParameter): Name = "ValueReserve3"; Value = ""; VariantName = "[No Variations]"
Change component parameters (AddParameter): Name = "ValueReserve4"; Value = ""; VariantName = "[No Variations]"
Change component parameters (AddParameter): Name = "ValueTolerance"; Value = ""; VariantName = "[No Variations]"
Change component parameters (AddParameter): Name = "ValueTU"; Value = ""; VariantName = "[No Variations]"
Change component parameters (AddParameter): Name = "ValueType"; Value = ""; VariantName = "[No Variations]"
Change component parameters (AddParameter): Name = "ValueType_TU"; Value = "Резисторы  "; VariantName = "[No Variations]"
Change component parameters (AddParameter): Name = "ValueValue"; Value = "300"; VariantName = "[No Variations]"
Change component parameters: Designator = "R9" ("R9"); Footprint = "RES0805"; UniqueID = "\OIKQJVDB" ("\OIKQJVDB")
Change component parameters (AddParameter): Name = "ValueDescription"; Value = "Резистор"; VariantName = "[No Variations]"
Change component parameters (AddParameter): Name = "ValueManufacturer"; Value = ""; VariantName = "[No Variations]"
Change component parameters (AddParameter): Name = "ValueManufacturerPartNumber"; Value = " "" -10k "; VariantName = "[No Variations]"
Change component parameters (AddParameter): Name = "ValueNote"; Value = ""; VariantName = "[No Variations]"
Change component parameters (AddParameter): Name = "ValuePackage"; Value = ""; VariantName = "[No Variations]"
Change component parameters (AddParameter): Name = "ValuePower"; Value = ""; VariantName = "[No Variations]"
Change component parameters (AddParameter): Name = "ValueReserve1"; Value = ""; VariantName = "[No Variations]"
Change component parameters (AddParameter): Name = "ValueReserve2"; Value = ""; VariantName = "[No Variations]"
Change component parameters (AddParameter): Name = "ValueReserve3"; Value = ""; VariantName = "[No Variations]"
Change component parameters (AddParameter): Name = "ValueReserve4"; Value = ""; VariantName = "[No Variations]"
Change component parameters (AddParameter): Name = "ValueTolerance"; Value = ""; VariantName = "[No Variations]"
Change component parameters (AddParameter): Name = "ValueTU"; Value = ""; VariantName = "[No Variations]"
Change component parameters (AddParameter): Name = "ValueType"; Value = ""; VariantName = "[No Variations]"
Change component parameters (AddParameter): Name = "ValueType_TU"; Value = "Резисторы  "; VariantName = "[No Variations]"
Change component parameters (AddParameter): Name = "ValueValue"; Value = "10k"; VariantName = "[No Variations]"
Change component parameters: Designator = "R10" ("R10"); Footprint = "RES0805"; UniqueID = "\JWULSHIS" ("\JWULSHIS")
Change component parameters (AddParameter): Name = "ValueDescription"; Value = "Резистор"; VariantName = "[No Variations]"
Change component parameters (AddParameter): Name = "ValueManufacturer"; Value = ""; VariantName = "[No Variations]"
Change component parameters (AddParameter): Name = "ValueManufacturerPartNumber"; Value = " "" - "; VariantName = "[No Variations]"
Change component parameters (AddParameter): Name = "ValueNote"; Value = ""; VariantName = "[No Variations]"
Change component parameters (AddParameter): Name = "ValuePackage"; Value = ""; VariantName = "[No Variations]"
Change component parameters (AddParameter): Name = "ValuePower"; Value = ""; VariantName = "[No Variations]"
Change component parameters (AddParameter): Name = "ValueReserve1"; Value = ""; VariantName = "[No Variations]"
Change component parameters (AddParameter): Name = "ValueReserve2"; Value = ""; VariantName = "[No Variations]"
Change component parameters (AddParameter): Name = "ValueReserve3"; Value = ""; VariantName = "[No Variations]"
Change component parameters (AddParameter): Name = "ValueReserve4"; Value = ""; VariantName = "[No Variations]"
Change component parameters (AddParameter): Name = "ValueTolerance"; Value = ""; VariantName = "[No Variations]"
Change component parameters (AddParameter): Name = "ValueTU"; Value = ""; VariantName = "[No Variations]"
Change component parameters (AddParameter): Name = "ValueType"; Value = ""; VariantName = "[No Variations]"
Change component parameters (AddParameter): Name = "ValueType_TU"; Value = "Резисторы  "; VariantName = "[No Variations]"
Change component parameters (AddParameter): Name = "ValueValue"; Value = ""; VariantName = "[No Variations]"
Change component parameters: Designator = "R11" ("R11"); Footprint = "RES0805"; UniqueID = "\NGUUDUFQ" ("\NGUUDUFQ")
Change component parameters (AddParameter): Name = "ValueDescription"; Value = "Резистор"; VariantName = "[No Variations]"
Change component parameters (AddParameter): Name = "ValueManufacturer"; Value = ""; VariantName = "[No Variations]"
Change component parameters (AddParameter): Name = "ValueManufacturerPartNumber"; Value = " "" -300 "; VariantName = "[No Variations]"
Change component parameters (AddParameter): Name = "ValueNote"; Value = ""; VariantName = "[No Variations]"
Change component parameters (AddParameter): Name = "ValuePackage"; Value = ""; VariantName = "[No Variations]"
Change component parameters (AddParameter): Name = "ValuePower"; Value = ""; VariantName = "[No Variations]"
Change component parameters (AddParameter): Name = "ValueReserve1"; Value = ""; VariantName = "[No Variations]"
Change component parameters (AddParameter): Name = "ValueReserve2"; Value = ""; VariantName = "[No Variations]"
Change component parameters (AddParameter): Name = "ValueReserve3"; Value = ""; VariantName = "[No Variations]"
Change component parameters (AddParameter): Name = "ValueReserve4"; Value = ""; VariantName = "[No Variations]"
Change component parameters (AddParameter): Name = "ValueTolerance"; Value = ""; VariantName = "[No Variations]"
Change component parameters (AddParameter): Name = "ValueTU"; Value = ""; VariantName = "[No Variations]"
Change component parameters (AddParameter): Name = "ValueType"; Value = ""; VariantName = "[No Variations]"
Change component parameters (AddParameter): Name = "ValueType_TU"; Value = "Резисторы  "; VariantName = "[No Variations]"
Change component parameters (AddParameter): Name = "ValueValue"; Value = "300"; VariantName = "[No Variations]"
Change component parameters: Designator = "R12" ("R12"); Footprint = "RES0805"; UniqueID = "\YZMPHGZN" ("\YZMPHGZN")
Change component parameters (AddParameter): Name = "ValueDescription"; Value = "Резистор"; VariantName = "[No Variations]"
Change component parameters (AddParameter): Name = "ValueManufacturer"; Value = ""; VariantName = "[No Variations]"
Change component parameters (AddParameter): Name = "ValueManufacturerPartNumber"; Value = " "" - "; VariantName = "[No Variations]"
Change component parameters (AddParameter): Name = "ValueNote"; Value = ""; VariantName = "[No Variations]"
Change component parameters (AddParameter): Name = "ValuePackage"; Value = ""; VariantName = "[No Variations]"
Change component parameters (AddParameter): Name = "ValuePower"; Value = ""; VariantName = "[No Variations]"
Change component parameters (AddParameter): Name = "ValueReserve1"; Value = ""; VariantName = "[No Variations]"
Change component parameters (AddParameter): Name = "ValueReserve2"; Value = ""; VariantName = "[No Variations]"
Change component parameters (AddParameter): Name = "ValueReserve3"; Value = ""; VariantName = "[No Variations]"
Change component parameters (AddParameter): Name = "ValueReserve4"; Value = ""; VariantName = "[No Variations]"
Change component parameters (AddParameter): Name = "ValueTolerance"; Value = ""; VariantName = "[No Variations]"
Change component parameters (AddParameter): Name = "ValueTU"; Value = ""; VariantName = "[No Variations]"
Change component parameters (AddParameter): Name = "ValueType"; Value = ""; VariantName = "[No Variations]"
Change component parameters (AddParameter): Name = "ValueType_TU"; Value = "Резисторы  "; VariantName = "[No Variations]"
Change component parameters (AddParameter): Name = "ValueValue"; Value = ""; VariantName = "[No Variations]"
Change component parameters: Designator = "R13" ("R13"); Footprint = "RES0805"; UniqueID = "\QKUQEHBR" ("\QKUQEHBR")
Change component parameters (AddParameter): Name = "ValueDescription"; Value = "Резистор"; VariantName = "[No Variations]"
Change component parameters (AddParameter): Name = "ValueManufacturer"; Value = ""; VariantName = "[No Variations]"
Change component parameters (AddParameter): Name = "ValueManufacturerPartNumber"; Value = " "" - "; VariantName = "[No Variations]"
Change component parameters (AddParameter): Name = "ValueNote"; Value = ""; VariantName = "[No Variations]"
Change component parameters (AddParameter): Name = "ValuePackage"; Value = ""; VariantName = "[No Variations]"
Change component parameters (AddParameter): Name = "ValuePower"; Value = ""; VariantName = "[No Variations]"
Change component parameters (AddParameter): Name = "ValueReserve1"; Value = ""; VariantName = "[No Variations]"
Change component parameters (AddParameter): Name = "ValueReserve2"; Value = ""; VariantName = "[No Variations]"
Change component parameters (AddParameter): Name = "ValueReserve3"; Value = ""; VariantName = "[No Variations]"
Change component parameters (AddParameter): Name = "ValueReserve4"; Value = ""; VariantName = "[No Variations]"
Change component parameters (AddParameter): Name = "ValueTolerance"; Value = ""; VariantName = "[No Variations]"
Change component parameters (AddParameter): Name = "ValueTU"; Value = ""; VariantName = "[No Variations]"
Change component parameters (AddParameter): Name = "ValueType"; Value = ""; VariantName = "[No Variations]"
Change component parameters (AddParameter): Name = "ValueType_TU"; Value = "Резисторы  "; VariantName = "[No Variations]"
Change component parameters (AddParameter): Name = "ValueValue"; Value = ""; VariantName = "[No Variations]"
Change component parameters: Designator = "R14" ("R14"); Footprint = "RES0805"; UniqueID = "\DCTVIKTT" ("\DCTVIKTT")
Change component parameters (AddParameter): Name = "ValueDescription"; Value = "Резистор"; VariantName = "[No Variations]"
Change component parameters (AddParameter): Name = "ValueManufacturer"; Value = ""; VariantName = "[No Variations]"
Change component parameters (AddParameter): Name = "ValueManufacturerPartNumber"; Value = " "" -140 "; VariantName = "[No Variations]"
Change component parameters (AddParameter): Name = "ValueNote"; Value = ""; VariantName = "[No Variations]"
Change component parameters (AddParameter): Name = "ValuePackage"; Value = ""; VariantName = "[No Variations]"
Change component parameters (AddParameter): Name = "ValuePower"; Value = ""; VariantName = "[No Variations]"
Change component parameters (AddParameter): Name = "ValueReserve1"; Value = ""; VariantName = "[No Variations]"
Change component parameters (AddParameter): Name = "ValueReserve2"; Value = ""; VariantName = "[No Variations]"
Change component parameters (AddParameter): Name = "ValueReserve3"; Value = ""; VariantName = "[No Variations]"
Change component parameters (AddParameter): Name = "ValueReserve4"; Value = ""; VariantName = "[No Variations]"
Change component parameters (AddParameter): Name = "ValueTolerance"; Value = ""; VariantName = "[No Variations]"
Change component parameters (AddParameter): Name = "ValueTU"; Value = ""; VariantName = "[No Variations]"
Change component parameters (AddParameter): Name = "ValueType"; Value = ""; VariantName = "[No Variations]"
Change component parameters (AddParameter): Name = "ValueType_TU"; Value = "Резисторы  "; VariantName = "[No Variations]"
Change component parameters (AddParameter): Name = "ValueValue"; Value = "140"; VariantName = "[No Variations]"
Change component parameters: Designator = "R15" ("R15"); Footprint = "RES0805"; UniqueID = "\ZYTBTZUK" ("\ZYTBTZUK")
Change component parameters (AddParameter): Name = "ValueDescription"; Value = "Резистор"; VariantName = "[No Variations]"
Change component parameters (AddParameter): Name = "ValueManufacturer"; Value = ""; VariantName = "[No Variations]"
Change component parameters (AddParameter): Name = "ValueManufacturerPartNumber"; Value = " "" -140 "; VariantName = "[No Variations]"
Change component parameters (AddParameter): Name = "ValueNote"; Value = ""; VariantName = "[No Variations]"
Change component parameters (AddParameter): Name = "ValuePackage"; Value = ""; VariantName = "[No Variations]"
Change component parameters (AddParameter): Name = "ValuePower"; Value = ""; VariantName = "[No Variations]"
Change component parameters (AddParameter): Name = "ValueReserve1"; Value = ""; VariantName = "[No Variations]"
Change component parameters (AddParameter): Name = "ValueReserve2"; Value = ""; VariantName = "[No Variations]"
Change component parameters (AddParameter): Name = "ValueReserve3"; Value = ""; VariantName = "[No Variations]"
Change component parameters (AddParameter): Name = "ValueReserve4"; Value = ""; VariantName = "[No Variations]"
Change component parameters (AddParameter): Name = "ValueTolerance"; Value = ""; VariantName = "[No Variations]"
Change component parameters (AddParameter): Name = "ValueTU"; Value = ""; VariantName = "[No Variations]"
Change component parameters (AddParameter): Name = "ValueType"; Value = ""; VariantName = "[No Variations]"
Change component parameters (AddParameter): Name = "ValueType_TU"; Value = "Резисторы  "; VariantName = "[No Variations]"
Change component parameters (AddParameter): Name = "ValueValue"; Value = "140"; VariantName = "[No Variations]"
Change component parameters: Designator = "R16" ("R16"); Footprint = "RES0805"; UniqueID = "\TPIMLRCL" ("\TPIMLRCL")
Change component parameters (AddParameter): Name = "ValueDescription"; Value = "Резистор"; VariantName = "[No Variations]"
Change component parameters (AddParameter): Name = "ValueManufacturer"; Value = ""; VariantName = "[No Variations]"
Change component parameters (AddParameter): Name = "ValueManufacturerPartNumber"; Value = " "" -140 "; VariantName = "[No Variations]"
Change component parameters (AddParameter): Name = "ValueNote"; Value = ""; VariantName = "[No Variations]"
Change component parameters (AddParameter): Name = "ValuePackage"; Value = ""; VariantName = "[No Variations]"
Change component parameters (AddParameter): Name = "ValuePower"; Value = ""; VariantName = "[No Variations]"
Change component parameters (AddParameter): Name = "ValueReserve1"; Value = ""; VariantName = "[No Variations]"
Change component parameters (AddParameter): Name = "ValueReserve2"; Value = ""; VariantName = "[No Variations]"
Change component parameters (AddParameter): Name = "ValueReserve3"; Value = ""; VariantName = "[No Variations]"
Change component parameters (AddParameter): Name = "ValueReserve4"; Value = ""; VariantName = "[No Variations]"
Change component parameters (AddParameter): Name = "ValueTolerance"; Value = ""; VariantName = "[No Variations]"
Change component parameters (AddParameter): Name = "ValueTU"; Value = ""; VariantName = "[No Variations]"
Change component parameters (AddParameter): Name = "ValueType"; Value = ""; VariantName = "[No Variations]"
Change component parameters (AddParameter): Name = "ValueType_TU"; Value = "Резисторы  "; VariantName = "[No Variations]"
Change component parameters (AddParameter): Name = "ValueValue"; Value = "140"; VariantName = "[No Variations]"
Change component parameters: Designator = "R17" ("R17"); Footprint = "RES0805"; UniqueID = "\KAMGJOBW" ("\KAMGJOBW")
Change component parameters (AddParameter): Name = "ValueDescription"; Value = "Резистор"; VariantName = "[No Variations]"
Change component parameters (AddParameter): Name = "ValueManufacturer"; Value = ""; VariantName = "[No Variations]"
Change component parameters (AddParameter): Name = "ValueManufacturerPartNumber"; Value = " "" -140 "; VariantName = "[No Variations]"
Change component parameters (AddParameter): Name = "ValueNote"; Value = ""; VariantName = "[No Variations]"
Change component parameters (AddParameter): Name = "ValuePackage"; Value = ""; VariantName = "[No Variations]"
Change component parameters (AddParameter): Name = "ValuePower"; Value = ""; VariantName = "[No Variations]"
Change component parameters (AddParameter): Name = "ValueReserve1"; Value = ""; VariantName = "[No Variations]"
Change component parameters (AddParameter): Name = "ValueReserve2"; Value = ""; VariantName = "[No Variations]"
Change component parameters (AddParameter): Name = "ValueReserve3"; Value = ""; VariantName = "[No Variations]"
Change component parameters (AddParameter): Name = "ValueReserve4"; Value = ""; VariantName = "[No Variations]"
Change component parameters (AddParameter): Name = "ValueTolerance"; Value = ""; VariantName = "[No Variations]"
Change component parameters (AddParameter): Name = "ValueTU"; Value = ""; VariantName = "[No Variations]"
Change component parameters (AddParameter): Name = "ValueType"; Value = ""; VariantName = "[No Variations]"
Change component parameters (AddParameter): Name = "ValueType_TU"; Value = "Резисторы  "; VariantName = "[No Variations]"
Change component parameters (AddParameter): Name = "ValueValue"; Value = "140"; VariantName = "[No Variations]"
Change component parameters: Designator = "R18" ("R18"); Footprint = "RES0805"; UniqueID = "\FDEVVINF" ("\FDEVVINF")
Change component parameters (AddParameter): Name = "ValueDescription"; Value = "Резистор"; VariantName = "[No Variations]"
Change component parameters (AddParameter): Name = "ValueManufacturer"; Value = ""; VariantName = "[No Variations]"
Change component parameters (AddParameter): Name = "ValueManufacturerPartNumber"; Value = " "" -140 "; VariantName = "[No Variations]"
Change component parameters (AddParameter): Name = "ValueNote"; Value = ""; VariantName = "[No Variations]"
Change component parameters (AddParameter): Name = "ValuePackage"; Value = ""; VariantName = "[No Variations]"
Change component parameters (AddParameter): Name = "ValuePower"; Value = ""; VariantName = "[No Variations]"
Change component parameters (AddParameter): Name = "ValueReserve1"; Value = ""; VariantName = "[No Variations]"
Change component parameters (AddParameter): Name = "ValueReserve2"; Value = ""; VariantName = "[No Variations]"
Change component parameters (AddParameter): Name = "ValueReserve3"; Value = ""; VariantName = "[No Variations]"
Change component parameters (AddParameter): Name = "ValueReserve4"; Value = ""; VariantName = "[No Variations]"
Change component parameters (AddParameter): Name = "ValueTolerance"; Value = ""; VariantName = "[No Variations]"
Change component parameters (AddParameter): Name = "ValueTU"; Value = ""; VariantName = "[No Variations]"
Change component parameters (AddParameter): Name = "ValueType"; Value = ""; VariantName = "[No Variations]"
Change component parameters (AddParameter): Name = "ValueType_TU"; Value = "Резисторы  "; VariantName = "[No Variations]"
Change component parameters (AddParameter): Name = "ValueValue"; Value = "140"; VariantName = "[No Variations]"
Change component parameters: Designator = "R19" ("R19"); Footprint = "RES0805"; UniqueID = "\PCDJCGAQ" ("\PCDJCGAQ")
Change component parameters (AddParameter): Name = "ValueDescription"; Value = "Резистор"; VariantName = "[No Variations]"
Change component parameters (AddParameter): Name = "ValueManufacturer"; Value = ""; VariantName = "[No Variations]"
Change component parameters (AddParameter): Name = "ValueManufacturerPartNumber"; Value = " "" -140 "; VariantName = "[No Variations]"
Change component parameters (AddParameter): Name = "ValueNote"; Value = ""; VariantName = "[No Variations]"
Change component parameters (AddParameter): Name = "ValuePackage"; Value = ""; VariantName = "[No Variations]"
Change component parameters (AddParameter): Name = "ValuePower"; Value = ""; VariantName = "[No Variations]"
Change component parameters (AddParameter): Name = "ValueReserve1"; Value = ""; VariantName = "[No Variations]"
Change component parameters (AddParameter): Name = "ValueReserve2"; Value = ""; VariantName = "[No Variations]"
Change component parameters (AddParameter): Name = "ValueReserve3"; Value = ""; VariantName = "[No Variations]"
Change component parameters (AddParameter): Name = "ValueReserve4"; Value = ""; VariantName = "[No Variations]"
Change component parameters (AddParameter): Name = "ValueTolerance"; Value = ""; VariantName = "[No Variations]"
Change component parameters (AddParameter): Name = "ValueTU"; Value = ""; VariantName = "[No Variations]"
Change component parameters (AddParameter): Name = "ValueType"; Value = ""; VariantName = "[No Variations]"
Change component parameters (AddParameter): Name = "ValueType_TU"; Value = "Резисторы  "; VariantName = "[No Variations]"
Change component parameters (AddParameter): Name = "ValueValue"; Value = "140"; VariantName = "[No Variations]"
Change component parameters: Designator = "R20" ("R20"); Footprint = "RES0805"; UniqueID = "\KZKNYWTW" ("\KZKNYWTW")
Change component parameters (AddParameter): Name = "ValueDescription"; Value = "Резистор"; VariantName = "[No Variations]"
Change component parameters (AddParameter): Name = "ValueManufacturer"; Value = ""; VariantName = "[No Variations]"
Change component parameters (AddParameter): Name = "ValueManufacturerPartNumber"; Value = " "" - "; VariantName = "[No Variations]"
Change component parameters (AddParameter): Name = "ValueNote"; Value = ""; VariantName = "[No Variations]"
Change component parameters (AddParameter): Name = "ValuePackage"; Value = ""; VariantName = "[No Variations]"
Change component parameters (AddParameter): Name = "ValuePower"; Value = ""; VariantName = "[No Variations]"
Change component parameters (AddParameter): Name = "ValueReserve1"; Value = ""; VariantName = "[No Variations]"
Change component parameters (AddParameter): Name = "ValueReserve2"; Value = ""; VariantName = "[No Variations]"
Change component parameters (AddParameter): Name = "ValueReserve3"; Value = ""; VariantName = "[No Variations]"
Change component parameters (AddParameter): Name = "ValueReserve4"; Value = ""; VariantName = "[No Variations]"
Change component parameters (AddParameter): Name = "ValueTolerance"; Value = ""; VariantName = "[No Variations]"
Change component parameters (AddParameter): Name = "ValueTU"; Value = ""; VariantName = "[No Variations]"
Change component parameters (AddParameter): Name = "ValueType"; Value = ""; VariantName = "[No Variations]"
Change component parameters (AddParameter): Name = "ValueType_TU"; Value = "Резисторы  "; VariantName = "[No Variations]"
Change component parameters (AddParameter): Name = "ValueValue"; Value = ""; VariantName = "[No Variations]"
Change component parameters: Designator = "R21" ("R21"); Footprint = "RES0805"; UniqueID = "\QYSIRBGE" ("\QYSIRBGE")
Change component parameters (AddParameter): Name = "ValueDescription"; Value = "Резистор"; VariantName = "[No Variations]"
Change component parameters (AddParameter): Name = "ValueManufacturer"; Value = ""; VariantName = "[No Variations]"
Change component parameters (AddParameter): Name = "ValueManufacturerPartNumber"; Value = " "" - "; VariantName = "[No Variations]"
Change component parameters (AddParameter): Name = "ValueNote"; Value = ""; VariantName = "[No Variations]"
Change component parameters (AddParameter): Name = "ValuePackage"; Value = ""; VariantName = "[No Variations]"
Change component parameters (AddParameter): Name = "ValuePower"; Value = ""; VariantName = "[No Variations]"
Change component parameters (AddParameter): Name = "ValueReserve1"; Value = ""; VariantName = "[No Variations]"
Change component parameters (AddParameter): Name = "ValueReserve2"; Value = ""; VariantName = "[No Variations]"
Change component parameters (AddParameter): Name = "ValueReserve3"; Value = ""; VariantName = "[No Variations]"
Change component parameters (AddParameter): Name = "ValueReserve4"; Value = ""; VariantName = "[No Variations]"
Change component parameters (AddParameter): Name = "ValueTolerance"; Value = ""; VariantName = "[No Variations]"
Change component parameters (AddParameter): Name = "ValueTU"; Value = ""; VariantName = "[No Variations]"
Change component parameters (AddParameter): Name = "ValueType"; Value = ""; VariantName = "[No Variations]"
Change component parameters (AddParameter): Name = "ValueType_TU"; Value = "Резисторы  "; VariantName = "[No Variations]"
Change component parameters (AddParameter): Name = "ValueValue"; Value = ""; VariantName = "[No Variations]"
Change component parameters: Designator = "R22" ("R22"); Footprint = "RES0805"; UniqueID = "\HPLPFWOG" ("\HPLPFWOG")
Change component parameters (AddParameter): Name = "ValueDescription"; Value = "Резистор"; VariantName = "[No Variations]"
Change component parameters (AddParameter): Name = "ValueManufacturer"; Value = ""; VariantName = "[No Variations]"
Change component parameters (AddParameter): Name = "ValueManufacturerPartNumber"; Value = " "" - "; VariantName = "[No Variations]"
Change component parameters (AddParameter): Name = "ValueNote"; Value = ""; VariantName = "[No Variations]"
Change component parameters (AddParameter): Name = "ValuePackage"; Value = ""; VariantName = "[No Variations]"
Change component parameters (AddParameter): Name = "ValuePower"; Value = ""; VariantName = "[No Variations]"
Change component parameters (AddParameter): Name = "ValueReserve1"; Value = ""; VariantName = "[No Variations]"
Change component parameters (AddParameter): Name = "ValueReserve2"; Value = ""; VariantName = "[No Variations]"
Change component parameters (AddParameter): Name = "ValueReserve3"; Value = ""; VariantName = "[No Variations]"
Change component parameters (AddParameter): Name = "ValueReserve4"; Value = ""; VariantName = "[No Variations]"
Change component parameters (AddParameter): Name = "ValueTolerance"; Value = ""; VariantName = "[No Variations]"
Change component parameters (AddParameter): Name = "ValueTU"; Value = ""; VariantName = "[No Variations]"
Change component parameters (AddParameter): Name = "ValueType"; Value = ""; VariantName = "[No Variations]"
Change component parameters (AddParameter): Name = "ValueType_TU"; Value = "Резисторы  "; VariantName = "[No Variations]"
Change component parameters (AddParameter): Name = "ValueValue"; Value = ""; VariantName = "[No Variations]"
Change component parameters: Designator = "R23" ("R23"); Footprint = "RES0805"; UniqueID = "\CFNVIUGZ" ("\CFNVIUGZ")
Change component parameters (AddParameter): Name = "ValueDescription"; Value = "Резистор"; VariantName = "[No Variations]"
Change component parameters (AddParameter): Name = "ValueManufacturer"; Value = ""; VariantName = "[No Variations]"
Change component parameters (AddParameter): Name = "ValueManufacturerPartNumber"; Value = " "" - "; VariantName = "[No Variations]"
Change component parameters (AddParameter): Name = "ValueNote"; Value = ""; VariantName = "[No Variations]"
Change component parameters (AddParameter): Name = "ValuePackage"; Value = ""; VariantName = "[No Variations]"
Change component parameters (AddParameter): Name = "ValuePower"; Value = ""; VariantName = "[No Variations]"
Change component parameters (AddParameter): Name = "ValueReserve1"; Value = ""; VariantName = "[No Variations]"
Change component parameters (AddParameter): Name = "ValueReserve2"; Value = ""; VariantName = "[No Variations]"
Change component parameters (AddParameter): Name = "ValueReserve3"; Value = ""; VariantName = "[No Variations]"
Change component parameters (AddParameter): Name = "ValueReserve4"; Value = ""; VariantName = "[No Variations]"
Change component parameters (AddParameter): Name = "ValueTolerance"; Value = ""; VariantName = "[No Variations]"
Change component parameters (AddParameter): Name = "ValueTU"; Value = ""; VariantName = "[No Variations]"
Change component parameters (AddParameter): Name = "ValueType"; Value = ""; VariantName = "[No Variations]"
Change component parameters (AddParameter): Name = "ValueType_TU"; Value = "Резисторы  "; VariantName = "[No Variations]"
Change component parameters (AddParameter): Name = "ValueValue"; Value = ""; VariantName = "[No Variations]"
Change component parameters: Designator = "R24" ("R24"); Footprint = "RES0805"; UniqueID = "\FUFKLPCQ" ("\FUFKLPCQ")
Change component parameters (AddParameter): Name = "ValueDescription"; Value = "Резистор"; VariantName = "[No Variations]"
Change component parameters (AddParameter): Name = "ValueManufacturer"; Value = ""; VariantName = "[No Variations]"
Change component parameters (AddParameter): Name = "ValueManufacturerPartNumber"; Value = " "" - "; VariantName = "[No Variations]"
Change component parameters (AddParameter): Name = "ValueNote"; Value = ""; VariantName = "[No Variations]"
Change component parameters (AddParameter): Name = "ValuePackage"; Value = ""; VariantName = "[No Variations]"
Change component parameters (AddParameter): Name = "ValuePower"; Value = ""; VariantName = "[No Variations]"
Change component parameters (AddParameter): Name = "ValueReserve1"; Value = ""; VariantName = "[No Variations]"
Change component parameters (AddParameter): Name = "ValueReserve2"; Value = ""; VariantName = "[No Variations]"
Change component parameters (AddParameter): Name = "ValueReserve3"; Value = ""; VariantName = "[No Variations]"
Change component parameters (AddParameter): Name = "ValueReserve4"; Value = ""; VariantName = "[No Variations]"
Change component parameters (AddParameter): Name = "ValueTolerance"; Value = ""; VariantName = "[No Variations]"
Change component parameters (AddParameter): Name = "ValueTU"; Value = ""; VariantName = "[No Variations]"
Change component parameters (AddParameter): Name = "ValueType"; Value = ""; VariantName = "[No Variations]"
Change component parameters (AddParameter): Name = "ValueType_TU"; Value = "Резисторы  "; VariantName = "[No Variations]"
Change component parameters (AddParameter): Name = "ValueValue"; Value = ""; VariantName = "[No Variations]"
Change component parameters: Designator = "R25" ("R25"); Footprint = "RES0805"; UniqueID = "\OBJKJQWA" ("\OBJKJQWA")
Change component parameters (AddParameter): Name = "ValueDescription"; Value = "Резистор"; VariantName = "[No Variations]"
Change component parameters (AddParameter): Name = "ValueManufacturer"; Value = ""; VariantName = "[No Variations]"
Change component parameters (AddParameter): Name = "ValueManufacturerPartNumber"; Value = " "" - "; VariantName = "[No Variations]"
Change component parameters (AddParameter): Name = "ValueNote"; Value = ""; VariantName = "[No Variations]"
Change component parameters (AddParameter): Name = "ValuePackage"; Value = ""; VariantName = "[No Variations]"
Change component parameters (AddParameter): Name = "ValuePower"; Value = ""; VariantName = "[No Variations]"
Change component parameters (AddParameter): Name = "ValueReserve1"; Value = ""; VariantName = "[No Variations]"
Change component parameters (AddParameter): Name = "ValueReserve2"; Value = ""; VariantName = "[No Variations]"
Change component parameters (AddParameter): Name = "ValueReserve3"; Value = ""; VariantName = "[No Variations]"
Change component parameters (AddParameter): Name = "ValueReserve4"; Value = ""; VariantName = "[No Variations]"
Change component parameters (AddParameter): Name = "ValueTolerance"; Value = ""; VariantName = "[No Variations]"
Change component parameters (AddParameter): Name = "ValueTU"; Value = ""; VariantName = "[No Variations]"
Change component parameters (AddParameter): Name = "ValueType"; Value = ""; VariantName = "[No Variations]"
Change component parameters (AddParameter): Name = "ValueType_TU"; Value = "Резисторы  "; VariantName = "[No Variations]"
Change component parameters (AddParameter): Name = "ValueValue"; Value = ""; VariantName = "[No Variations]"
Added Component: Designator=VT1(TO220)
Added Component: Designator=VT2(TO220)
Added Component: Designator=VT3(TO220)
Added Component: Designator=VT4(TO220)
Added Component: Designator=VT5(TO220)
Added Component: Designator=VT6(TO220)
Added Pin To Net: NetName=NetR14_2 Pin=VT1-1
Added Pin To Net: NetName=VS1 Pin=VT1-2
Added Pin To Net: NetName=+27B Pin=VT1-3
Added Pin To Net: NetName=NetR15_2 Pin=VT2-1
Added Pin To Net: NetName=GND Pin=VT2-2
Added Pin To Net: NetName=VS1 Pin=VT2-3
Added Pin To Net: NetName=NetR16_2 Pin=VT3-1
Added Pin To Net: NetName=VS2 Pin=VT3-2
Added Pin To Net: NetName=+27B Pin=VT3-3
Added Pin To Net: NetName=NetR17_2 Pin=VT4-1
Added Pin To Net: NetName=GND Pin=VT4-2
Added Pin To Net: NetName=VS2 Pin=VT4-3
Added Pin To Net: NetName=NetR18_2 Pin=VT5-1
Added Pin To Net: NetName=VS3 Pin=VT5-2
Added Pin To Net: NetName=+27B Pin=VT5-3
Added Pin To Net: NetName=NetR19_2 Pin=VT6-1
Added Pin To Net: NetName=GND Pin=VT6-2
Added Pin To Net: NetName=VS3 Pin=VT6-3
Added Member To Class: ClassName=EngineControlCircuitSCH_Boyko Member=Component VT1 IRFZ14PBF
Added Member To Class: ClassName=EngineControlCircuitSCH_Boyko Member=Component VT2 IRFZ14PBF
Added Member To Class: ClassName=EngineControlCircuitSCH_Boyko Member=Component VT3 IRFZ14PBF
Added Member To Class: ClassName=EngineControlCircuitSCH_Boyko Member=Component VT4 IRFZ14PBF
Added Member To Class: ClassName=EngineControlCircuitSCH_Boyko Member=Component VT5 IRFZ14PBF
Added Member To Class: ClassName=EngineControlCircuitSCH_Boyko Member=Component VT6 IRFZ14PBF
Added Room: Name=EngineControlCircuitSCH_Boyko
