Change component parameters: Designator = "C1" ("C1"); Footprint = "WCAP-ATUL 6.3x11x2.5x0.5_90deg"; UniqueID = "\ABPMJXIT" ("\ABPMJXIT")
Change component parameters (AddParameter): Name = "ValueDescription"; Value = "Конденсатор полярный"; VariantName = "[No Variations]"
Change component parameters (AddParameter): Name = "ValueManufacturer"; Value = ""; VariantName = "[No Variations]"
Change component parameters (AddParameter): Name = "ValueManufacturerPartNumber"; Value = " "" - "; VariantName = "[No Variations]"
Change component parameters (AddParameter): Name = "ValueNote"; Value = ""; VariantName = "[No Variations]"
Change component parameters (AddParameter): Name = "ValuePackage"; Value = ""; VariantName = "[No Variations]"
Change component parameters (AddParameter): Name = "ValueReserve1"; Value = ""; VariantName = "[No Variations]"
Change component parameters (AddParameter): Name = "ValueReserve2"; Value = ""; VariantName = "[No Variations]"
Change component parameters (AddParameter): Name = "ValueReserve3"; Value = ""; VariantName = "[No Variations]"
Change component parameters (AddParameter): Name = "ValueReserve4"; Value = ""; VariantName = "[No Variations]"
Change component parameters (AddParameter): Name = "ValueTKE"; Value = ""; VariantName = "[No Variations]"
Change component parameters (AddParameter): Name = "ValueTolerance"; Value = ""; VariantName = "[No Variations]"
Change component parameters (AddParameter): Name = "ValueTU"; Value = ""; VariantName = "[No Variations]"
Change component parameters (AddParameter): Name = "ValueType"; Value = ""; VariantName = "[No Variations]"
Change component parameters (AddParameter): Name = "ValueType_TU"; Value = "Конденсаторы  "; VariantName = "[No Variations]"
Change component parameters (AddParameter): Name = "ValueValue"; Value = ""; VariantName = "[No Variations]"
Change component parameters (AddParameter): Name = "ValueVoltage"; Value = ""; VariantName = "[No Variations]"
Change component parameters: Designator = "C2" ("C2"); Footprint = "CAPC3225X220N"; UniqueID = "\BSOXUFUU" ("\BSOXUFUU")
Change component parameters (AddParameter): Name = "ValueDescription"; Value = "Конденсатор"; VariantName = "[No Variations]"
Change component parameters (AddParameter): Name = "ValueManufacturer"; Value = ""; VariantName = "[No Variations]"
Change component parameters (AddParameter): Name = "ValueManufacturerPartNumber"; Value = " "" - "; VariantName = "[No Variations]"
Change component parameters (AddParameter): Name = "ValueNote"; Value = ""; VariantName = "[No Variations]"
Change component parameters (AddParameter): Name = "ValuePackage"; Value = ""; VariantName = "[No Variations]"
Change component parameters (AddParameter): Name = "ValueReserve1"; Value = ""; VariantName = "[No Variations]"
Change component parameters (AddParameter): Name = "ValueReserve2"; Value = ""; VariantName = "[No Variations]"
Change component parameters (AddParameter): Name = "ValueReserve3"; Value = ""; VariantName = "[No Variations]"
Change component parameters (AddParameter): Name = "ValueReserve4"; Value = ""; VariantName = "[No Variations]"
Change component parameters (AddParameter): Name = "ValueTKE"; Value = ""; VariantName = "[No Variations]"
Change component parameters (AddParameter): Name = "ValueTolerance"; Value = ""; VariantName = "[No Variations]"
Change component parameters (AddParameter): Name = "ValueTU"; Value = ""; VariantName = "[No Variations]"
Change component parameters (AddParameter): Name = "ValueType"; Value = ""; VariantName = "[No Variations]"
Change component parameters (AddParameter): Name = "ValueType_TU"; Value = "Конденсаторы  "; VariantName = "[No Variations]"
Change component parameters (AddParameter): Name = "ValueValue"; Value = ""; VariantName = "[No Variations]"
Change component parameters (AddParameter): Name = "ValueVoltage"; Value = ""; VariantName = "[No Variations]"
Change component parameters: Designator = "C3" ("C3"); Footprint = "CAPC3225X220N"; UniqueID = "\BPSDHWXW" ("\BPSDHWXW")
Change component parameters (AddParameter): Name = "ValueDescription"; Value = "Конденсатор"; VariantName = "[No Variations]"
Change component parameters (AddParameter): Name = "ValueManufacturer"; Value = ""; VariantName = "[No Variations]"
Change component parameters (AddParameter): Name = "ValueManufacturerPartNumber"; Value = " "" - "; VariantName = "[No Variations]"
Change component parameters (AddParameter): Name = "ValueNote"; Value = ""; VariantName = "[No Variations]"
Change component parameters (AddParameter): Name = "ValuePackage"; Value = ""; VariantName = "[No Variations]"
Change component parameters (AddParameter): Name = "ValueReserve1"; Value = ""; VariantName = "[No Variations]"
Change component parameters (AddParameter): Name = "ValueReserve2"; Value = ""; VariantName = "[No Variations]"
Change component parameters (AddParameter): Name = "ValueReserve3"; Value = ""; VariantName = "[No Variations]"
Change component parameters (AddParameter): Name = "ValueReserve4"; Value = ""; VariantName = "[No Variations]"
Change component parameters (AddParameter): Name = "ValueTKE"; Value = ""; VariantName = "[No Variations]"
Change component parameters (AddParameter): Name = "ValueTolerance"; Value = ""; VariantName = "[No Variations]"
Change component parameters (AddParameter): Name = "ValueTU"; Value = ""; VariantName = "[No Variations]"
Change component parameters (AddParameter): Name = "ValueType"; Value = ""; VariantName = "[No Variations]"
Change component parameters (AddParameter): Name = "ValueType_TU"; Value = "Конденсаторы  "; VariantName = "[No Variations]"
Change component parameters (AddParameter): Name = "ValueValue"; Value = ""; VariantName = "[No Variations]"
Change component parameters (AddParameter): Name = "ValueVoltage"; Value = ""; VariantName = "[No Variations]"
Change component parameters: Designator = "C4" ("C4"); Footprint = "CAPC3225X220N"; UniqueID = "\DJHQMJHN" ("\DJHQMJHN")
Change component parameters (AddParameter): Name = "ValueDescription"; Value = "Конденсатор"; VariantName = "[No Variations]"
Change component parameters (AddParameter): Name = "ValueManufacturer"; Value = ""; VariantName = "[No Variations]"
Change component parameters (AddParameter): Name = "ValueManufacturerPartNumber"; Value = " "" - "; VariantName = "[No Variations]"
Change component parameters (AddParameter): Name = "ValueNote"; Value = ""; VariantName = "[No Variations]"
Change component parameters (AddParameter): Name = "ValuePackage"; Value = ""; VariantName = "[No Variations]"
Change component parameters (AddParameter): Name = "ValueReserve1"; Value = ""; VariantName = "[No Variations]"
Change component parameters (AddParameter): Name = "ValueReserve2"; Value = ""; VariantName = "[No Variations]"
Change component parameters (AddParameter): Name = "ValueReserve3"; Value = ""; VariantName = "[No Variations]"
Change component parameters (AddParameter): Name = "ValueReserve4"; Value = ""; VariantName = "[No Variations]"
Change component parameters (AddParameter): Name = "ValueTKE"; Value = ""; VariantName = "[No Variations]"
Change component parameters (AddParameter): Name = "ValueTolerance"; Value = ""; VariantName = "[No Variations]"
Change component parameters (AddParameter): Name = "ValueTU"; Value = ""; VariantName = "[No Variations]"
Change component parameters (AddParameter): Name = "ValueType"; Value = ""; VariantName = "[No Variations]"
Change component parameters (AddParameter): Name = "ValueType_TU"; Value = "Конденсаторы  "; VariantName = "[No Variations]"
Change component parameters (AddParameter): Name = "ValueValue"; Value = ""; VariantName = "[No Variations]"
Change component parameters (AddParameter): Name = "ValueVoltage"; Value = ""; VariantName = "[No Variations]"
Change component parameters: Designator = "C5" ("C5"); Footprint = "CAPC3225X220N"; UniqueID = "\NLGWEVDB" ("\NLGWEVDB")
Change component parameters (AddParameter): Name = "ValueDescription"; Value = "Конденсатор"; VariantName = "[No Variations]"
Change component parameters (AddParameter): Name = "ValueManufacturer"; Value = ""; VariantName = "[No Variations]"
Change component parameters (AddParameter): Name = "ValueManufacturerPartNumber"; Value = " "" - "; VariantName = "[No Variations]"
Change component parameters (AddParameter): Name = "ValueNote"; Value = ""; VariantName = "[No Variations]"
Change component parameters (AddParameter): Name = "ValuePackage"; Value = ""; VariantName = "[No Variations]"
Change component parameters (AddParameter): Name = "ValueReserve1"; Value = ""; VariantName = "[No Variations]"
Change component parameters (AddParameter): Name = "ValueReserve2"; Value = ""; VariantName = "[No Variations]"
Change component parameters (AddParameter): Name = "ValueReserve3"; Value = ""; VariantName = "[No Variations]"
Change component parameters (AddParameter): Name = "ValueReserve4"; Value = ""; VariantName = "[No Variations]"
Change component parameters (AddParameter): Name = "ValueTKE"; Value = ""; VariantName = "[No Variations]"
Change component parameters (AddParameter): Name = "ValueTolerance"; Value = ""; VariantName = "[No Variations]"
Change component parameters (AddParameter): Name = "ValueTU"; Value = ""; VariantName = "[No Variations]"
Change component parameters (AddParameter): Name = "ValueType"; Value = ""; VariantName = "[No Variations]"
Change component parameters (AddParameter): Name = "ValueType_TU"; Value = "Конденсаторы  "; VariantName = "[No Variations]"
Change component parameters (AddParameter): Name = "ValueValue"; Value = ""; VariantName = "[No Variations]"
Change component parameters (AddParameter): Name = "ValueVoltage"; Value = ""; VariantName = "[No Variations]"
Change component parameters: Designator = "C6" ("C6"); Footprint = "CAPC3225X220N"; UniqueID = "\OOPPZFQU" ("\OOPPZFQU")
Change component parameters (AddParameter): Name = "ValueDescription"; Value = "Конденсатор"; VariantName = "[No Variations]"
Change component parameters (AddParameter): Name = "ValueManufacturer"; Value = ""; VariantName = "[No Variations]"
Change component parameters (AddParameter): Name = "ValueManufacturerPartNumber"; Value = " "" - "; VariantName = "[No Variations]"
Change component parameters (AddParameter): Name = "ValueNote"; Value = ""; VariantName = "[No Variations]"
Change component parameters (AddParameter): Name = "ValuePackage"; Value = ""; VariantName = "[No Variations]"
Change component parameters (AddParameter): Name = "ValueReserve1"; Value = ""; VariantName = "[No Variations]"
Change component parameters (AddParameter): Name = "ValueReserve2"; Value = ""; VariantName = "[No Variations]"
Change component parameters (AddParameter): Name = "ValueReserve3"; Value = ""; VariantName = "[No Variations]"
Change component parameters (AddParameter): Name = "ValueReserve4"; Value = ""; VariantName = "[No Variations]"
Change component parameters (AddParameter): Name = "ValueTKE"; Value = ""; VariantName = "[No Variations]"
Change component parameters (AddParameter): Name = "ValueTolerance"; Value = ""; VariantName = "[No Variations]"
Change component parameters (AddParameter): Name = "ValueTU"; Value = ""; VariantName = "[No Variations]"
Change component parameters (AddParameter): Name = "ValueType"; Value = ""; VariantName = "[No Variations]"
Change component parameters (AddParameter): Name = "ValueType_TU"; Value = "Конденсаторы  "; VariantName = "[No Variations]"
Change component parameters (AddParameter): Name = "ValueValue"; Value = ""; VariantName = "[No Variations]"
Change component parameters (AddParameter): Name = "ValueVoltage"; Value = ""; VariantName = "[No Variations]"
Change component parameters: Designator = "C7" ("C7"); Footprint = "CAPC3225X220N"; UniqueID = "\POIDIZIU" ("\POIDIZIU")
Change component parameters (AddParameter): Name = "ValueDescription"; Value = "Конденсатор"; VariantName = "[No Variations]"
Change component parameters (AddParameter): Name = "ValueManufacturer"; Value = ""; VariantName = "[No Variations]"
Change component parameters (AddParameter): Name = "ValueManufacturerPartNumber"; Value = " "" - "; VariantName = "[No Variations]"
Change component parameters (AddParameter): Name = "ValueNote"; Value = ""; VariantName = "[No Variations]"
Change component parameters (AddParameter): Name = "ValuePackage"; Value = ""; VariantName = "[No Variations]"
Change component parameters (AddParameter): Name = "ValueReserve1"; Value = ""; VariantName = "[No Variations]"
Change component parameters (AddParameter): Name = "ValueReserve2"; Value = ""; VariantName = "[No Variations]"
Change component parameters (AddParameter): Name = "ValueReserve3"; Value = ""; VariantName = "[No Variations]"
Change component parameters (AddParameter): Name = "ValueReserve4"; Value = ""; VariantName = "[No Variations]"
Change component parameters (AddParameter): Name = "ValueTKE"; Value = ""; VariantName = "[No Variations]"
Change component parameters (AddParameter): Name = "ValueTolerance"; Value = ""; VariantName = "[No Variations]"
Change component parameters (AddParameter): Name = "ValueTU"; Value = ""; VariantName = "[No Variations]"
Change component parameters (AddParameter): Name = "ValueType"; Value = ""; VariantName = "[No Variations]"
Change component parameters (AddParameter): Name = "ValueType_TU"; Value = "Конденсаторы  "; VariantName = "[No Variations]"
Change component parameters (AddParameter): Name = "ValueValue"; Value = ""; VariantName = "[No Variations]"
Change component parameters (AddParameter): Name = "ValueVoltage"; Value = ""; VariantName = "[No Variations]"
Change component parameters: Designator = "C8" ("C8"); Footprint = "CAPC3225X220N"; UniqueID = "\NXJMHICR" ("\NXJMHICR")
Change component parameters (AddParameter): Name = "ValueDescription"; Value = "Конденсатор"; VariantName = "[No Variations]"
Change component parameters (AddParameter): Name = "ValueManufacturer"; Value = ""; VariantName = "[No Variations]"
Change component parameters (AddParameter): Name = "ValueManufacturerPartNumber"; Value = " "" - "; VariantName = "[No Variations]"
Change component parameters (AddParameter): Name = "ValueNote"; Value = ""; VariantName = "[No Variations]"
Change component parameters (AddParameter): Name = "ValuePackage"; Value = ""; VariantName = "[No Variations]"
Change component parameters (AddParameter): Name = "ValueReserve1"; Value = ""; VariantName = "[No Variations]"
Change component parameters (AddParameter): Name = "ValueReserve2"; Value = ""; VariantName = "[No Variations]"
Change component parameters (AddParameter): Name = "ValueReserve3"; Value = ""; VariantName = "[No Variations]"
Change component parameters (AddParameter): Name = "ValueReserve4"; Value = ""; VariantName = "[No Variations]"
Change component parameters (AddParameter): Name = "ValueTKE"; Value = ""; VariantName = "[No Variations]"
Change component parameters (AddParameter): Name = "ValueTolerance"; Value = ""; VariantName = "[No Variations]"
Change component parameters (AddParameter): Name = "ValueTU"; Value = ""; VariantName = "[No Variations]"
Change component parameters (AddParameter): Name = "ValueType"; Value = ""; VariantName = "[No Variations]"
Change component parameters (AddParameter): Name = "ValueType_TU"; Value = "Конденсаторы  "; VariantName = "[No Variations]"
Change component parameters (AddParameter): Name = "ValueValue"; Value = ""; VariantName = "[No Variations]"
Change component parameters (AddParameter): Name = "ValueVoltage"; Value = ""; VariantName = "[No Variations]"
Change component parameters: Designator = "C9" ("C9"); Footprint = "CAPC3225X220N"; UniqueID = "\OJOJJRDZ" ("\OJOJJRDZ")
Change component parameters (AddParameter): Name = "ValueDescription"; Value = "Конденсатор"; VariantName = "[No Variations]"
Change component parameters (AddParameter): Name = "ValueManufacturer"; Value = ""; VariantName = "[No Variations]"
Change component parameters (AddParameter): Name = "ValueManufacturerPartNumber"; Value = " "" - "; VariantName = "[No Variations]"
Change component parameters (AddParameter): Name = "ValueNote"; Value = ""; VariantName = "[No Variations]"
Change component parameters (AddParameter): Name = "ValuePackage"; Value = ""; VariantName = "[No Variations]"
Change component parameters (AddParameter): Name = "ValueReserve1"; Value = ""; VariantName = "[No Variations]"
Change component parameters (AddParameter): Name = "ValueReserve2"; Value = ""; VariantName = "[No Variations]"
Change component parameters (AddParameter): Name = "ValueReserve3"; Value = ""; VariantName = "[No Variations]"
Change component parameters (AddParameter): Name = "ValueReserve4"; Value = ""; VariantName = "[No Variations]"
Change component parameters (AddParameter): Name = "ValueTKE"; Value = ""; VariantName = "[No Variations]"
Change component parameters (AddParameter): Name = "ValueTolerance"; Value = ""; VariantName = "[No Variations]"
Change component parameters (AddParameter): Name = "ValueTU"; Value = ""; VariantName = "[No Variations]"
Change component parameters (AddParameter): Name = "ValueType"; Value = ""; VariantName = "[No Variations]"
Change component parameters (AddParameter): Name = "ValueType_TU"; Value = "Конденсаторы  "; VariantName = "[No Variations]"
Change component parameters (AddParameter): Name = "ValueValue"; Value = ""; VariantName = "[No Variations]"
Change component parameters (AddParameter): Name = "ValueVoltage"; Value = ""; VariantName = "[No Variations]"
Change component parameters: Designator = "C10" ("C10"); Footprint = "CAPC3225X220N"; UniqueID = "\TSASDDYV" ("\TSASDDYV")
Change component parameters (AddParameter): Name = "ValueDescription"; Value = "Конденсатор"; VariantName = "[No Variations]"
Change component parameters (AddParameter): Name = "ValueManufacturer"; Value = ""; VariantName = "[No Variations]"
Change component parameters (AddParameter): Name = "ValueManufacturerPartNumber"; Value = " "" - "; VariantName = "[No Variations]"
Change component parameters (AddParameter): Name = "ValueNote"; Value = ""; VariantName = "[No Variations]"
Change component parameters (AddParameter): Name = "ValuePackage"; Value = ""; VariantName = "[No Variations]"
Change component parameters (AddParameter): Name = "ValueReserve1"; Value = ""; VariantName = "[No Variations]"
Change component parameters (AddParameter): Name = "ValueReserve2"; Value = ""; VariantName = "[No Variations]"
Change component parameters (AddParameter): Name = "ValueReserve3"; Value = ""; VariantName = "[No Variations]"
Change component parameters (AddParameter): Name = "ValueReserve4"; Value = ""; VariantName = "[No Variations]"
Change component parameters (AddParameter): Name = "ValueTKE"; Value = ""; VariantName = "[No Variations]"
Change component parameters (AddParameter): Name = "ValueTolerance"; Value = ""; VariantName = "[No Variations]"
Change component parameters (AddParameter): Name = "ValueTU"; Value = ""; VariantName = "[No Variations]"
Change component parameters (AddParameter): Name = "ValueType"; Value = ""; VariantName = "[No Variations]"
Change component parameters (AddParameter): Name = "ValueType_TU"; Value = "Конденсаторы  "; VariantName = "[No Variations]"
Change component parameters (AddParameter): Name = "ValueValue"; Value = ""; VariantName = "[No Variations]"
Change component parameters (AddParameter): Name = "ValueVoltage"; Value = ""; VariantName = "[No Variations]"
Change component parameters: Designator = "R1" ("R1"); Footprint = "RES0805"; UniqueID = "\PFSBRYAZ" ("\PFSBRYAZ")
Change component parameters (AddParameter): Name = "ValueDescription"; Value = "Резистор"; VariantName = "[No Variations]"
Change component parameters (AddParameter): Name = "ValueManufacturer"; Value = ""; VariantName = "[No Variations]"
Change component parameters (AddParameter): Name = "ValueManufacturerPartNumber"; Value = " "" -300 "; VariantName = "[No Variations]"
Change component parameters (AddParameter): Name = "ValueNote"; Value = ""; VariantName = "[No Variations]"
Change component parameters (AddParameter): Name = "ValuePackage"; Value = ""; VariantName = "[No Variations]"
Change component parameters (AddParameter): Name = "ValuePower"; Value = ""; VariantName = "[No Variations]"
Change component parameters (AddParameter): Name = "ValueReserve1"; Value = ""; VariantName = "[No Variations]"
Change component parameters (AddParameter): Name = "ValueReserve2"; Value = ""; VariantName = "[No Variations]"
Change component parameters (AddParameter): Name = "ValueReserve3"; Value = ""; VariantName = "[No Variations]"
Change component parameters (AddParameter): Name = "ValueReserve4"; Value = ""; VariantName = "[No Variations]"
Change component parameters (AddParameter): Name = "ValueTolerance"; Value = ""; VariantName = "[No Variations]"
Change component parameters (AddParameter): Name = "ValueTU"; Value = ""; VariantName = "[No Variations]"
Change component parameters (AddParameter): Name = "ValueType"; Value = ""; VariantName = "[No Variations]"
Change component parameters (AddParameter): Name = "ValueType_TU"; Value = "Резисторы  "; VariantName = "[No Variations]"
Change component parameters (AddParameter): Name = "ValueValue"; Value = "300"; VariantName = "[No Variations]"
Change component parameters: Designator = "R2" ("R2"); Footprint = "RES0805"; UniqueID = "\JWULSHIS" ("\JWULSHIS")
Change component parameters (AddParameter): Name = "ValueDescription"; Value = "Резистор"; VariantName = "[No Variations]"
Change component parameters (AddParameter): Name = "ValueManufacturer"; Value = ""; VariantName = "[No Variations]"
Change component parameters (AddParameter): Name = "ValueManufacturerPartNumber"; Value = " "" - "; VariantName = "[No Variations]"
Change component parameters (AddParameter): Name = "ValueNote"; Value = ""; VariantName = "[No Variations]"
Change component parameters (AddParameter): Name = "ValuePackage"; Value = ""; VariantName = "[No Variations]"
Change component parameters (AddParameter): Name = "ValuePower"; Value = ""; VariantName = "[No Variations]"
Change component parameters (AddParameter): Name = "ValueReserve1"; Value = ""; VariantName = "[No Variations]"
Change component parameters (AddParameter): Name = "ValueReserve2"; Value = ""; VariantName = "[No Variations]"
Change component parameters (AddParameter): Name = "ValueReserve3"; Value = ""; VariantName = "[No Variations]"
Change component parameters (AddParameter): Name = "ValueReserve4"; Value = ""; VariantName = "[No Variations]"
Change component parameters (AddParameter): Name = "ValueTolerance"; Value = ""; VariantName = "[No Variations]"
Change component parameters (AddParameter): Name = "ValueTU"; Value = ""; VariantName = "[No Variations]"
Change component parameters (AddParameter): Name = "ValueType"; Value = ""; VariantName = "[No Variations]"
Change component parameters (AddParameter): Name = "ValueType_TU"; Value = "Резисторы  "; VariantName = "[No Variations]"
Change component parameters (AddParameter): Name = "ValueValue"; Value = ""; VariantName = "[No Variations]"
Change component parameters: Designator = "R3" ("R3"); Footprint = "RES0805"; UniqueID = "\OIKQJVDB" ("\OIKQJVDB")
Change component parameters (AddParameter): Name = "ValueDescription"; Value = "Резистор"; VariantName = "[No Variations]"
Change component parameters (AddParameter): Name = "ValueManufacturer"; Value = ""; VariantName = "[No Variations]"
Change component parameters (AddParameter): Name = "ValueManufacturerPartNumber"; Value = " "" -10k "; VariantName = "[No Variations]"
Change component parameters (AddParameter): Name = "ValueNote"; Value = ""; VariantName = "[No Variations]"
Change component parameters (AddParameter): Name = "ValuePackage"; Value = ""; VariantName = "[No Variations]"
Change component parameters (AddParameter): Name = "ValuePower"; Value = ""; VariantName = "[No Variations]"
Change component parameters (AddParameter): Name = "ValueReserve1"; Value = ""; VariantName = "[No Variations]"
Change component parameters (AddParameter): Name = "ValueReserve2"; Value = ""; VariantName = "[No Variations]"
Change component parameters (AddParameter): Name = "ValueReserve3"; Value = ""; VariantName = "[No Variations]"
Change component parameters (AddParameter): Name = "ValueReserve4"; Value = ""; VariantName = "[No Variations]"
Change component parameters (AddParameter): Name = "ValueTolerance"; Value = ""; VariantName = "[No Variations]"
Change component parameters (AddParameter): Name = "ValueTU"; Value = ""; VariantName = "[No Variations]"
Change component parameters (AddParameter): Name = "ValueType"; Value = ""; VariantName = "[No Variations]"
Change component parameters (AddParameter): Name = "ValueType_TU"; Value = "Резисторы  "; VariantName = "[No Variations]"
Change component parameters (AddParameter): Name = "ValueValue"; Value = "10k"; VariantName = "[No Variations]"
Change component parameters: Designator = "R4" ("R4"); Footprint = "RES0805"; UniqueID = "\EIOQPAAK" ("\EIOQPAAK")
Change component parameters (AddParameter): Name = "ValueDescription"; Value = "Резистор"; VariantName = "[No Variations]"
Change component parameters (AddParameter): Name = "ValueManufacturer"; Value = ""; VariantName = "[No Variations]"
Change component parameters (AddParameter): Name = "ValueManufacturerPartNumber"; Value = " "" -22 "; VariantName = "[No Variations]"
Change component parameters (AddParameter): Name = "ValueNote"; Value = ""; VariantName = "[No Variations]"
Change component parameters (AddParameter): Name = "ValuePackage"; Value = ""; VariantName = "[No Variations]"
Change component parameters (AddParameter): Name = "ValuePower"; Value = ""; VariantName = "[No Variations]"
Change component parameters (AddParameter): Name = "ValueReserve1"; Value = ""; VariantName = "[No Variations]"
Change component parameters (AddParameter): Name = "ValueReserve2"; Value = ""; VariantName = "[No Variations]"
Change component parameters (AddParameter): Name = "ValueReserve3"; Value = ""; VariantName = "[No Variations]"
Change component parameters (AddParameter): Name = "ValueReserve4"; Value = ""; VariantName = "[No Variations]"
Change component parameters (AddParameter): Name = "ValueTolerance"; Value = ""; VariantName = "[No Variations]"
Change component parameters (AddParameter): Name = "ValueTU"; Value = ""; VariantName = "[No Variations]"
Change component parameters (AddParameter): Name = "ValueType"; Value = ""; VariantName = "[No Variations]"
Change component parameters (AddParameter): Name = "ValueType_TU"; Value = "Резисторы  "; VariantName = "[No Variations]"
Change component parameters (AddParameter): Name = "ValueValue"; Value = "22"; VariantName = "[No Variations]"
Change component parameters: Designator = "R5" ("R5"); Footprint = "RES0805"; UniqueID = "\TATBBZRQ" ("\TATBBZRQ")
Change component parameters (AddParameter): Name = "ValueDescription"; Value = "Резистор"; VariantName = "[No Variations]"
Change component parameters (AddParameter): Name = "ValueManufacturer"; Value = ""; VariantName = "[No Variations]"
Change component parameters (AddParameter): Name = "ValueManufacturerPartNumber"; Value = " "" -22 "; VariantName = "[No Variations]"
Change component parameters (AddParameter): Name = "ValueNote"; Value = ""; VariantName = "[No Variations]"
Change component parameters (AddParameter): Name = "ValuePackage"; Value = ""; VariantName = "[No Variations]"
Change component parameters (AddParameter): Name = "ValuePower"; Value = ""; VariantName = "[No Variations]"
Change component parameters (AddParameter): Name = "ValueReserve1"; Value = ""; VariantName = "[No Variations]"
Change component parameters (AddParameter): Name = "ValueReserve2"; Value = ""; VariantName = "[No Variations]"
Change component parameters (AddParameter): Name = "ValueReserve3"; Value = ""; VariantName = "[No Variations]"
Change component parameters (AddParameter): Name = "ValueReserve4"; Value = ""; VariantName = "[No Variations]"
Change component parameters (AddParameter): Name = "ValueTolerance"; Value = ""; VariantName = "[No Variations]"
Change component parameters (AddParameter): Name = "ValueTU"; Value = ""; VariantName = "[No Variations]"
Change component parameters (AddParameter): Name = "ValueType"; Value = ""; VariantName = "[No Variations]"
Change component parameters (AddParameter): Name = "ValueType_TU"; Value = "Резисторы  "; VariantName = "[No Variations]"
Change component parameters (AddParameter): Name = "ValueValue"; Value = "22"; VariantName = "[No Variations]"
Change component parameters: Designator = "R6" ("R6"); Footprint = "RES0805"; UniqueID = "\UCZYFNJK" ("\UCZYFNJK")
Change component parameters (AddParameter): Name = "ValueDescription"; Value = "Резистор"; VariantName = "[No Variations]"
Change component parameters (AddParameter): Name = "ValueManufacturer"; Value = ""; VariantName = "[No Variations]"
Change component parameters (AddParameter): Name = "ValueManufacturerPartNumber"; Value = " "" - "; VariantName = "[No Variations]"
Change component parameters (AddParameter): Name = "ValueNote"; Value = ""; VariantName = "[No Variations]"
Change component parameters (AddParameter): Name = "ValuePackage"; Value = ""; VariantName = "[No Variations]"
Change component parameters (AddParameter): Name = "ValuePower"; Value = ""; VariantName = "[No Variations]"
Change component parameters (AddParameter): Name = "ValueReserve1"; Value = ""; VariantName = "[No Variations]"
Change component parameters (AddParameter): Name = "ValueReserve2"; Value = ""; VariantName = "[No Variations]"
Change component parameters (AddParameter): Name = "ValueReserve3"; Value = ""; VariantName = "[No Variations]"
Change component parameters (AddParameter): Name = "ValueReserve4"; Value = ""; VariantName = "[No Variations]"
Change component parameters (AddParameter): Name = "ValueTolerance"; Value = ""; VariantName = "[No Variations]"
Change component parameters (AddParameter): Name = "ValueTU"; Value = ""; VariantName = "[No Variations]"
Change component parameters (AddParameter): Name = "ValueType"; Value = ""; VariantName = "[No Variations]"
Change component parameters (AddParameter): Name = "ValueType_TU"; Value = "Резисторы  "; VariantName = "[No Variations]"
Change component parameters (AddParameter): Name = "ValueValue"; Value = ""; VariantName = "[No Variations]"
Added Component: Designator=C?(WCAP-ATUL 6.3x11x2.5x0.5_90deg)
Add component (AddParameter): Name = "ValueDescription"; Value = "Конденсатор полярный"; VariantName = "[No Variations]"
Add component (AddParameter): Name = "ValueManufacturer"; Value = ""; VariantName = "[No Variations]"
Add component (AddParameter): Name = "ValueManufacturerPartNumber"; Value = " "" - "; VariantName = "[No Variations]"
Add component (AddParameter): Name = "ValueNote"; Value = ""; VariantName = "[No Variations]"
Add component (AddParameter): Name = "ValuePackage"; Value = ""; VariantName = "[No Variations]"
Add component (AddParameter): Name = "ValueReserve1"; Value = ""; VariantName = "[No Variations]"
Add component (AddParameter): Name = "ValueReserve2"; Value = ""; VariantName = "[No Variations]"
Add component (AddParameter): Name = "ValueReserve3"; Value = ""; VariantName = "[No Variations]"
Add component (AddParameter): Name = "ValueReserve4"; Value = ""; VariantName = "[No Variations]"
Add component (AddParameter): Name = "ValueTKE"; Value = ""; VariantName = "[No Variations]"
Add component (AddParameter): Name = "ValueTolerance"; Value = ""; VariantName = "[No Variations]"
Add component (AddParameter): Name = "ValueTU"; Value = ""; VariantName = "[No Variations]"
Add component (AddParameter): Name = "ValueType"; Value = ""; VariantName = "[No Variations]"
Add component (AddParameter): Name = "ValueType_TU"; Value = "Конденсаторы  "; VariantName = "[No Variations]"
Add component (AddParameter): Name = "ValueValue"; Value = ""; VariantName = "[No Variations]"
Add component (AddParameter): Name = "ValueVoltage"; Value = ""; VariantName = "[No Variations]"
Added Component: Designator=C?(WCAP-ATUL 6.3x11x2.5x0.5_90deg)
Add component (AddParameter): Name = "ValueDescription"; Value = "Конденсатор полярный"; VariantName = "[No Variations]"
Add component (AddParameter): Name = "ValueManufacturer"; Value = ""; VariantName = "[No Variations]"
Add component (AddParameter): Name = "ValueManufacturerPartNumber"; Value = " "" - "; VariantName = "[No Variations]"
Add component (AddParameter): Name = "ValueNote"; Value = ""; VariantName = "[No Variations]"
Add component (AddParameter): Name = "ValuePackage"; Value = ""; VariantName = "[No Variations]"
Add component (AddParameter): Name = "ValueReserve1"; Value = ""; VariantName = "[No Variations]"
Add component (AddParameter): Name = "ValueReserve2"; Value = ""; VariantName = "[No Variations]"
Add component (AddParameter): Name = "ValueReserve3"; Value = ""; VariantName = "[No Variations]"
Add component (AddParameter): Name = "ValueReserve4"; Value = ""; VariantName = "[No Variations]"
Add component (AddParameter): Name = "ValueTKE"; Value = ""; VariantName = "[No Variations]"
Add component (AddParameter): Name = "ValueTolerance"; Value = ""; VariantName = "[No Variations]"
Add component (AddParameter): Name = "ValueTU"; Value = ""; VariantName = "[No Variations]"
Add component (AddParameter): Name = "ValueType"; Value = ""; VariantName = "[No Variations]"
Add component (AddParameter): Name = "ValueType_TU"; Value = "Конденсаторы  "; VariantName = "[No Variations]"
Add component (AddParameter): Name = "ValueValue"; Value = ""; VariantName = "[No Variations]"
Add component (AddParameter): Name = "ValueVoltage"; Value = ""; VariantName = "[No Variations]"
Added Component: Designator=C?(WCAP-ATUL 6.3x11x2.5x0.5_90deg)
Add component (AddParameter): Name = "ValueDescription"; Value = "Конденсатор полярный"; VariantName = "[No Variations]"
Add component (AddParameter): Name = "ValueManufacturer"; Value = ""; VariantName = "[No Variations]"
Add component (AddParameter): Name = "ValueManufacturerPartNumber"; Value = " "" - "; VariantName = "[No Variations]"
Add component (AddParameter): Name = "ValueNote"; Value = ""; VariantName = "[No Variations]"
Add component (AddParameter): Name = "ValuePackage"; Value = ""; VariantName = "[No Variations]"
Add component (AddParameter): Name = "ValueReserve1"; Value = ""; VariantName = "[No Variations]"
Add component (AddParameter): Name = "ValueReserve2"; Value = ""; VariantName = "[No Variations]"
Add component (AddParameter): Name = "ValueReserve3"; Value = ""; VariantName = "[No Variations]"
Add component (AddParameter): Name = "ValueReserve4"; Value = ""; VariantName = "[No Variations]"
Add component (AddParameter): Name = "ValueTKE"; Value = ""; VariantName = "[No Variations]"
Add component (AddParameter): Name = "ValueTolerance"; Value = ""; VariantName = "[No Variations]"
Add component (AddParameter): Name = "ValueTU"; Value = ""; VariantName = "[No Variations]"
Add component (AddParameter): Name = "ValueType"; Value = ""; VariantName = "[No Variations]"
Add component (AddParameter): Name = "ValueType_TU"; Value = "Конденсаторы  "; VariantName = "[No Variations]"
Add component (AddParameter): Name = "ValueValue"; Value = ""; VariantName = "[No Variations]"
Add component (AddParameter): Name = "ValueVoltage"; Value = ""; VariantName = "[No Variations]"
Added Component: Designator=DD2(SOIC127PX1032X265-28N)
Add component (AddParameter): Name = "Digi-Key_Part_Number"; Value = "IR2136SPBF-ND"; VariantName = "[No Variations]"
Add component (AddParameter): Name = "Digi-Key_Purchase_URL"; Value = "https://www.digikey.com/product-detail/en/infineon-technologies/IR2136SPBF/IR2136SPBF-ND/856515?utm_source=snapeda&utm_medium=aggregator&utm_campaign=symbol"; VariantName = "[No Variations]"
Add component (AddParameter): Name = "MF"; Value = "Infineon"; VariantName = "[No Variations]"
Add component (AddParameter): Name = "MP"; Value = "IR2136SPBF"; VariantName = "[No Variations]"
Add component (AddParameter): Name = "Package"; Value = "SOIC-28 Infineon"; VariantName = "[No Variations]"
Add component (AddParameter): Name = "SnapEDA_Link"; Value = "https://www.snapeda.com/parts/IR2136SPBF/Infineon%20Technologies/view-part/559407/?ref=snap"; VariantName = "[No Variations]"
Add component (AddParameter): Name = "Value"; Value = ""; VariantName = "[No Variations]"
Added Component: Designator=VD?(DO-201AD)
Add component (AddParameter): Name = "ValueCurrent"; Value = "5А/250А"; VariantName = "[No Variations]"
Add component (AddParameter): Name = "ValueDescription"; Value = ""; VariantName = "[No Variations]"
Add component (AddParameter): Name = "ValueManufacturer"; Value = "Китай"; VariantName = "[No Variations]"
Add component (AddParameter): Name = "ValueManufacturerPartNumber"; Value = "SR560"; VariantName = "[No Variations]"
Add component (AddParameter): Name = "ValueMaxReverseVoltage"; Value = "60В"; VariantName = "[No Variations]"
Add component (AddParameter): Name = "ValuePackage"; Value = "DO-201AD"; VariantName = "[No Variations]"
Add component (AddParameter): Name = "ValueType"; Value = "SR560"; VariantName = "[No Variations]"
Added Component: Designator=VD?(DO-201AD)
Add component (AddParameter): Name = "ValueCurrent"; Value = "5А/250А"; VariantName = "[No Variations]"
Add component (AddParameter): Name = "ValueDescription"; Value = ""; VariantName = "[No Variations]"
Add component (AddParameter): Name = "ValueManufacturer"; Value = "Китай"; VariantName = "[No Variations]"
Add component (AddParameter): Name = "ValueManufacturerPartNumber"; Value = "SR560"; VariantName = "[No Variations]"
Add component (AddParameter): Name = "ValueMaxReverseVoltage"; Value = "60В"; VariantName = "[No Variations]"
Add component (AddParameter): Name = "ValuePackage"; Value = "DO-201AD"; VariantName = "[No Variations]"
Add component (AddParameter): Name = "ValueType"; Value = "SR560"; VariantName = "[No Variations]"
Added Component: Designator=VD?(DO-201AD)
Add component (AddParameter): Name = "ValueCurrent"; Value = "5А/250А"; VariantName = "[No Variations]"
Add component (AddParameter): Name = "ValueDescription"; Value = ""; VariantName = "[No Variations]"
Add component (AddParameter): Name = "ValueManufacturer"; Value = "Китай"; VariantName = "[No Variations]"
Add component (AddParameter): Name = "ValueManufacturerPartNumber"; Value = "SR560"; VariantName = "[No Variations]"
Add component (AddParameter): Name = "ValueMaxReverseVoltage"; Value = "60В"; VariantName = "[No Variations]"
Add component (AddParameter): Name = "ValuePackage"; Value = "DO-201AD"; VariantName = "[No Variations]"
Add component (AddParameter): Name = "ValueType"; Value = "SR560"; VariantName = "[No Variations]"
Added Member To Class: ClassName=EngineControlCircuitSCH_Boyko Member=Component C?
Added Member To Class: ClassName=EngineControlCircuitSCH_Boyko Member=Component C?
Added Member To Class: ClassName=EngineControlCircuitSCH_Boyko Member=Component C?
Added Member To Class: ClassName=EngineControlCircuitSCH_Boyko Member=Component DD2 IR2136SPBF
Added Member To Class: ClassName=EngineControlCircuitSCH_Boyko Member=Component VD? SR560
Added Member To Class: ClassName=EngineControlCircuitSCH_Boyko Member=Component VD? SR560
Added Member To Class: ClassName=EngineControlCircuitSCH_Boyko Member=Component VD? SR560
Added Room: Name=EngineControlCircuitSCH_Boyko
