Added Component: Designator=BQ1(SMD0503_BQ)
Add component (AddParameter): Name = "ValueDescription"; Value = "Кварцевый резонатор"; VariantName = "[No Variations]"
Add component (AddParameter): Name = "ValueManufacturer"; Value = "Китай"; VariantName = "[No Variations]"
Add component (AddParameter): Name = "ValueManufacturerPartNumber"; Value = "SMD0503"; VariantName = "[No Variations]"
Add component (AddParameter): Name = "ValueNote"; Value = ""; VariantName = "[No Variations]"
Add component (AddParameter): Name = "ValueType"; Value = "SMD0503"; VariantName = "[No Variations]"
Add component (AddParameter): Name = "ValueValue"; Value = "8МГц"; VariantName = "[No Variations]"
Added Component: Designator=C1(WCAP-ATUL 6.3x11x2.5x0.5_90deg)
Add component (AddParameter): Name = "ValueDescription"; Value = "Конденсатор полярный"; VariantName = "[No Variations]"
Add component (AddParameter): Name = "ValueManufacturer"; Value = ""; VariantName = "[No Variations]"
Add component (AddParameter): Name = "ValueManufacturerPartNumber"; Value = " "" - "; VariantName = "[No Variations]"
Add component (AddParameter): Name = "ValueNote"; Value = ""; VariantName = "[No Variations]"
Add component (AddParameter): Name = "ValuePackage"; Value = ""; VariantName = "[No Variations]"
Add component (AddParameter): Name = "ValueReserve1"; Value = ""; VariantName = "[No Variations]"
Add component (AddParameter): Name = "ValueReserve2"; Value = ""; VariantName = "[No Variations]"
Add component (AddParameter): Name = "ValueReserve3"; Value = ""; VariantName = "[No Variations]"
Add component (AddParameter): Name = "ValueReserve4"; Value = ""; VariantName = "[No Variations]"
Add component (AddParameter): Name = "ValueTKE"; Value = ""; VariantName = "[No Variations]"
Add component (AddParameter): Name = "ValueTolerance"; Value = ""; VariantName = "[No Variations]"
Add component (AddParameter): Name = "ValueTU"; Value = ""; VariantName = "[No Variations]"
Add component (AddParameter): Name = "ValueType"; Value = ""; VariantName = "[No Variations]"
Add component (AddParameter): Name = "ValueType_TU"; Value = "Конденсаторы  "; VariantName = "[No Variations]"
Add component (AddParameter): Name = "ValueValue"; Value = ""; VariantName = "[No Variations]"
Add component (AddParameter): Name = "ValueVoltage"; Value = ""; VariantName = "[No Variations]"
Added Component: Designator=C2(CAPC3225X220N)
Add component (AddParameter): Name = "ValueDescription"; Value = "Конденсатор"; VariantName = "[No Variations]"
Add component (AddParameter): Name = "ValueManufacturer"; Value = ""; VariantName = "[No Variations]"
Add component (AddParameter): Name = "ValueManufacturerPartNumber"; Value = " "" - "; VariantName = "[No Variations]"
Add component (AddParameter): Name = "ValueNote"; Value = ""; VariantName = "[No Variations]"
Add component (AddParameter): Name = "ValuePackage"; Value = ""; VariantName = "[No Variations]"
Add component (AddParameter): Name = "ValueReserve1"; Value = ""; VariantName = "[No Variations]"
Add component (AddParameter): Name = "ValueReserve2"; Value = ""; VariantName = "[No Variations]"
Add component (AddParameter): Name = "ValueReserve3"; Value = ""; VariantName = "[No Variations]"
Add component (AddParameter): Name = "ValueReserve4"; Value = ""; VariantName = "[No Variations]"
Add component (AddParameter): Name = "ValueTKE"; Value = ""; VariantName = "[No Variations]"
Add component (AddParameter): Name = "ValueTolerance"; Value = ""; VariantName = "[No Variations]"
Add component (AddParameter): Name = "ValueTU"; Value = ""; VariantName = "[No Variations]"
Add component (AddParameter): Name = "ValueType"; Value = ""; VariantName = "[No Variations]"
Add component (AddParameter): Name = "ValueType_TU"; Value = "Конденсаторы  "; VariantName = "[No Variations]"
Add component (AddParameter): Name = "ValueValue"; Value = ""; VariantName = "[No Variations]"
Add component (AddParameter): Name = "ValueVoltage"; Value = ""; VariantName = "[No Variations]"
Added Component: Designator=C3(CAPC3225X220N)
Add component (AddParameter): Name = "ValueDescription"; Value = "Конденсатор"; VariantName = "[No Variations]"
Add component (AddParameter): Name = "ValueManufacturer"; Value = ""; VariantName = "[No Variations]"
Add component (AddParameter): Name = "ValueManufacturerPartNumber"; Value = " "" - "; VariantName = "[No Variations]"
Add component (AddParameter): Name = "ValueNote"; Value = ""; VariantName = "[No Variations]"
Add component (AddParameter): Name = "ValuePackage"; Value = ""; VariantName = "[No Variations]"
Add component (AddParameter): Name = "ValueReserve1"; Value = ""; VariantName = "[No Variations]"
Add component (AddParameter): Name = "ValueReserve2"; Value = ""; VariantName = "[No Variations]"
Add component (AddParameter): Name = "ValueReserve3"; Value = ""; VariantName = "[No Variations]"
Add component (AddParameter): Name = "ValueReserve4"; Value = ""; VariantName = "[No Variations]"
Add component (AddParameter): Name = "ValueTKE"; Value = ""; VariantName = "[No Variations]"
Add component (AddParameter): Name = "ValueTolerance"; Value = ""; VariantName = "[No Variations]"
Add component (AddParameter): Name = "ValueTU"; Value = ""; VariantName = "[No Variations]"
Add component (AddParameter): Name = "ValueType"; Value = ""; VariantName = "[No Variations]"
Add component (AddParameter): Name = "ValueType_TU"; Value = "Конденсаторы  "; VariantName = "[No Variations]"
Add component (AddParameter): Name = "ValueValue"; Value = ""; VariantName = "[No Variations]"
Add component (AddParameter): Name = "ValueVoltage"; Value = ""; VariantName = "[No Variations]"
Added Component: Designator=C4(CAPC3225X220N)
Add component (AddParameter): Name = "ValueDescription"; Value = "Конденсатор"; VariantName = "[No Variations]"
Add component (AddParameter): Name = "ValueManufacturer"; Value = ""; VariantName = "[No Variations]"
Add component (AddParameter): Name = "ValueManufacturerPartNumber"; Value = " "" - "; VariantName = "[No Variations]"
Add component (AddParameter): Name = "ValueNote"; Value = ""; VariantName = "[No Variations]"
Add component (AddParameter): Name = "ValuePackage"; Value = ""; VariantName = "[No Variations]"
Add component (AddParameter): Name = "ValueReserve1"; Value = ""; VariantName = "[No Variations]"
Add component (AddParameter): Name = "ValueReserve2"; Value = ""; VariantName = "[No Variations]"
Add component (AddParameter): Name = "ValueReserve3"; Value = ""; VariantName = "[No Variations]"
Add component (AddParameter): Name = "ValueReserve4"; Value = ""; VariantName = "[No Variations]"
Add component (AddParameter): Name = "ValueTKE"; Value = ""; VariantName = "[No Variations]"
Add component (AddParameter): Name = "ValueTolerance"; Value = ""; VariantName = "[No Variations]"
Add component (AddParameter): Name = "ValueTU"; Value = ""; VariantName = "[No Variations]"
Add component (AddParameter): Name = "ValueType"; Value = ""; VariantName = "[No Variations]"
Add component (AddParameter): Name = "ValueType_TU"; Value = "Конденсаторы  "; VariantName = "[No Variations]"
Add component (AddParameter): Name = "ValueValue"; Value = ""; VariantName = "[No Variations]"
Add component (AddParameter): Name = "ValueVoltage"; Value = ""; VariantName = "[No Variations]"
Added Component: Designator=C5(CAPC3225X220N)
Add component (AddParameter): Name = "ValueDescription"; Value = "Конденсатор"; VariantName = "[No Variations]"
Add component (AddParameter): Name = "ValueManufacturer"; Value = ""; VariantName = "[No Variations]"
Add component (AddParameter): Name = "ValueManufacturerPartNumber"; Value = " "" - "; VariantName = "[No Variations]"
Add component (AddParameter): Name = "ValueNote"; Value = ""; VariantName = "[No Variations]"
Add component (AddParameter): Name = "ValuePackage"; Value = ""; VariantName = "[No Variations]"
Add component (AddParameter): Name = "ValueReserve1"; Value = ""; VariantName = "[No Variations]"
Add component (AddParameter): Name = "ValueReserve2"; Value = ""; VariantName = "[No Variations]"
Add component (AddParameter): Name = "ValueReserve3"; Value = ""; VariantName = "[No Variations]"
Add component (AddParameter): Name = "ValueReserve4"; Value = ""; VariantName = "[No Variations]"
Add component (AddParameter): Name = "ValueTKE"; Value = ""; VariantName = "[No Variations]"
Add component (AddParameter): Name = "ValueTolerance"; Value = ""; VariantName = "[No Variations]"
Add component (AddParameter): Name = "ValueTU"; Value = ""; VariantName = "[No Variations]"
Add component (AddParameter): Name = "ValueType"; Value = ""; VariantName = "[No Variations]"
Add component (AddParameter): Name = "ValueType_TU"; Value = "Конденсаторы  "; VariantName = "[No Variations]"
Add component (AddParameter): Name = "ValueValue"; Value = ""; VariantName = "[No Variations]"
Add component (AddParameter): Name = "ValueVoltage"; Value = ""; VariantName = "[No Variations]"
Added Component: Designator=C6(CAPC3225X220N)
Add component (AddParameter): Name = "ValueDescription"; Value = "Конденсатор"; VariantName = "[No Variations]"
Add component (AddParameter): Name = "ValueManufacturer"; Value = ""; VariantName = "[No Variations]"
Add component (AddParameter): Name = "ValueManufacturerPartNumber"; Value = " "" - "; VariantName = "[No Variations]"
Add component (AddParameter): Name = "ValueNote"; Value = ""; VariantName = "[No Variations]"
Add component (AddParameter): Name = "ValuePackage"; Value = ""; VariantName = "[No Variations]"
Add component (AddParameter): Name = "ValueReserve1"; Value = ""; VariantName = "[No Variations]"
Add component (AddParameter): Name = "ValueReserve2"; Value = ""; VariantName = "[No Variations]"
Add component (AddParameter): Name = "ValueReserve3"; Value = ""; VariantName = "[No Variations]"
Add component (AddParameter): Name = "ValueReserve4"; Value = ""; VariantName = "[No Variations]"
Add component (AddParameter): Name = "ValueTKE"; Value = ""; VariantName = "[No Variations]"
Add component (AddParameter): Name = "ValueTolerance"; Value = ""; VariantName = "[No Variations]"
Add component (AddParameter): Name = "ValueTU"; Value = ""; VariantName = "[No Variations]"
Add component (AddParameter): Name = "ValueType"; Value = ""; VariantName = "[No Variations]"
Add component (AddParameter): Name = "ValueType_TU"; Value = "Конденсаторы  "; VariantName = "[No Variations]"
Add component (AddParameter): Name = "ValueValue"; Value = ""; VariantName = "[No Variations]"
Add component (AddParameter): Name = "ValueVoltage"; Value = ""; VariantName = "[No Variations]"
Added Component: Designator=C7(CAPC3225X220N)
Add component (AddParameter): Name = "ValueDescription"; Value = "Конденсатор"; VariantName = "[No Variations]"
Add component (AddParameter): Name = "ValueManufacturer"; Value = ""; VariantName = "[No Variations]"
Add component (AddParameter): Name = "ValueManufacturerPartNumber"; Value = " "" - "; VariantName = "[No Variations]"
Add component (AddParameter): Name = "ValueNote"; Value = ""; VariantName = "[No Variations]"
Add component (AddParameter): Name = "ValuePackage"; Value = ""; VariantName = "[No Variations]"
Add component (AddParameter): Name = "ValueReserve1"; Value = ""; VariantName = "[No Variations]"
Add component (AddParameter): Name = "ValueReserve2"; Value = ""; VariantName = "[No Variations]"
Add component (AddParameter): Name = "ValueReserve3"; Value = ""; VariantName = "[No Variations]"
Add component (AddParameter): Name = "ValueReserve4"; Value = ""; VariantName = "[No Variations]"
Add component (AddParameter): Name = "ValueTKE"; Value = ""; VariantName = "[No Variations]"
Add component (AddParameter): Name = "ValueTolerance"; Value = ""; VariantName = "[No Variations]"
Add component (AddParameter): Name = "ValueTU"; Value = ""; VariantName = "[No Variations]"
Add component (AddParameter): Name = "ValueType"; Value = ""; VariantName = "[No Variations]"
Add component (AddParameter): Name = "ValueType_TU"; Value = "Конденсаторы  "; VariantName = "[No Variations]"
Add component (AddParameter): Name = "ValueValue"; Value = ""; VariantName = "[No Variations]"
Add component (AddParameter): Name = "ValueVoltage"; Value = ""; VariantName = "[No Variations]"
Added Component: Designator=C8(CAPC3225X220N)
Add component (AddParameter): Name = "ValueDescription"; Value = "Конденсатор"; VariantName = "[No Variations]"
Add component (AddParameter): Name = "ValueManufacturer"; Value = ""; VariantName = "[No Variations]"
Add component (AddParameter): Name = "ValueManufacturerPartNumber"; Value = " "" - "; VariantName = "[No Variations]"
Add component (AddParameter): Name = "ValueNote"; Value = ""; VariantName = "[No Variations]"
Add component (AddParameter): Name = "ValuePackage"; Value = ""; VariantName = "[No Variations]"
Add component (AddParameter): Name = "ValueReserve1"; Value = ""; VariantName = "[No Variations]"
Add component (AddParameter): Name = "ValueReserve2"; Value = ""; VariantName = "[No Variations]"
Add component (AddParameter): Name = "ValueReserve3"; Value = ""; VariantName = "[No Variations]"
Add component (AddParameter): Name = "ValueReserve4"; Value = ""; VariantName = "[No Variations]"
Add component (AddParameter): Name = "ValueTKE"; Value = ""; VariantName = "[No Variations]"
Add component (AddParameter): Name = "ValueTolerance"; Value = ""; VariantName = "[No Variations]"
Add component (AddParameter): Name = "ValueTU"; Value = ""; VariantName = "[No Variations]"
Add component (AddParameter): Name = "ValueType"; Value = ""; VariantName = "[No Variations]"
Add component (AddParameter): Name = "ValueType_TU"; Value = "Конденсаторы  "; VariantName = "[No Variations]"
Add component (AddParameter): Name = "ValueValue"; Value = ""; VariantName = "[No Variations]"
Add component (AddParameter): Name = "ValueVoltage"; Value = ""; VariantName = "[No Variations]"
Added Component: Designator=C9(CAPC3225X220N)
Add component (AddParameter): Name = "ValueDescription"; Value = "Конденсатор"; VariantName = "[No Variations]"
Add component (AddParameter): Name = "ValueManufacturer"; Value = ""; VariantName = "[No Variations]"
Add component (AddParameter): Name = "ValueManufacturerPartNumber"; Value = " "" - "; VariantName = "[No Variations]"
Add component (AddParameter): Name = "ValueNote"; Value = ""; VariantName = "[No Variations]"
Add component (AddParameter): Name = "ValuePackage"; Value = ""; VariantName = "[No Variations]"
Add component (AddParameter): Name = "ValueReserve1"; Value = ""; VariantName = "[No Variations]"
Add component (AddParameter): Name = "ValueReserve2"; Value = ""; VariantName = "[No Variations]"
Add component (AddParameter): Name = "ValueReserve3"; Value = ""; VariantName = "[No Variations]"
Add component (AddParameter): Name = "ValueReserve4"; Value = ""; VariantName = "[No Variations]"
Add component (AddParameter): Name = "ValueTKE"; Value = ""; VariantName = "[No Variations]"
Add component (AddParameter): Name = "ValueTolerance"; Value = ""; VariantName = "[No Variations]"
Add component (AddParameter): Name = "ValueTU"; Value = ""; VariantName = "[No Variations]"
Add component (AddParameter): Name = "ValueType"; Value = ""; VariantName = "[No Variations]"
Add component (AddParameter): Name = "ValueType_TU"; Value = "Конденсаторы  "; VariantName = "[No Variations]"
Add component (AddParameter): Name = "ValueValue"; Value = ""; VariantName = "[No Variations]"
Add component (AddParameter): Name = "ValueVoltage"; Value = ""; VariantName = "[No Variations]"
Added Component: Designator=C10(CAPC3225X220N)
Add component (AddParameter): Name = "ValueDescription"; Value = "Конденсатор"; VariantName = "[No Variations]"
Add component (AddParameter): Name = "ValueManufacturer"; Value = ""; VariantName = "[No Variations]"
Add component (AddParameter): Name = "ValueManufacturerPartNumber"; Value = " "" - "; VariantName = "[No Variations]"
Add component (AddParameter): Name = "ValueNote"; Value = ""; VariantName = "[No Variations]"
Add component (AddParameter): Name = "ValuePackage"; Value = ""; VariantName = "[No Variations]"
Add component (AddParameter): Name = "ValueReserve1"; Value = ""; VariantName = "[No Variations]"
Add component (AddParameter): Name = "ValueReserve2"; Value = ""; VariantName = "[No Variations]"
Add component (AddParameter): Name = "ValueReserve3"; Value = ""; VariantName = "[No Variations]"
Add component (AddParameter): Name = "ValueReserve4"; Value = ""; VariantName = "[No Variations]"
Add component (AddParameter): Name = "ValueTKE"; Value = ""; VariantName = "[No Variations]"
Add component (AddParameter): Name = "ValueTolerance"; Value = ""; VariantName = "[No Variations]"
Add component (AddParameter): Name = "ValueTU"; Value = ""; VariantName = "[No Variations]"
Add component (AddParameter): Name = "ValueType"; Value = ""; VariantName = "[No Variations]"
Add component (AddParameter): Name = "ValueType_TU"; Value = "Конденсаторы  "; VariantName = "[No Variations]"
Add component (AddParameter): Name = "ValueValue"; Value = ""; VariantName = "[No Variations]"
Add component (AddParameter): Name = "ValueVoltage"; Value = ""; VariantName = "[No Variations]"
Added Component: Designator=DD1(LQFP-48_N)
Add component (AddParameter): Name = "A/D Converter"; Value = "2x12-bit (10 Channel)"; VariantName = "[No Variations]"
Add component (AddParameter): Name = "ComponentLink1Description"; Value = "Manufacturer URL"; VariantName = "[No Variations]"
Add component (AddParameter): Name = "ComponentLink1URL"; Value = "http://www.st.com/web/en/home.html"; VariantName = "[No Variations]"
Add component (AddParameter): Name = "ComponentLink2Description"; Value = "Datasheet"; VariantName = "[No Variations]"
Add component (AddParameter): Name = "ComponentLink2URL"; Value = "http://www.st.com/st-web-ui/static/active/en/resource/technical/document/datasheet/CD00161566.pdf"; VariantName = "[No Variations]"
Add component (AddParameter): Name = "ComponentLink3Description"; Value = "Package Specification"; VariantName = "[No Variations]"
Add component (AddParameter): Name = "ComponentLink3URL"; Value = "http://www.st.com/st-web-ui/static/active/en/resource/technical/document/datasheet/DM00058181.pdf"; VariantName = "[No Variations]"
Add component (AddParameter): Name = "Core"; Value = "ARM Cortex-M3"; VariantName = "[No Variations]"
Add component (AddParameter): Name = "DatasheetVersion"; Value = "Rev. 16"; VariantName = "[No Variations]"
Add component (AddParameter): Name = "FLASH Size (Prog) (kB)"; Value = "128"; VariantName = "[No Variations]"
Add component (AddParameter): Name = "I/Os (High Current)"; Value = "37"; VariantName = "[No Variations]"
Add component (AddParameter): Name = "Internal RAM Size (kB)"; Value = "20"; VariantName = "[No Variations]"
Add component (AddParameter): Name = "Mounting Technology"; Value = "Surface Mount"; VariantName = "[No Variations]"
Add component (AddParameter): Name = "Operating Frequency(F) (Processor speed) (MHz)"; Value = "72"; VariantName = "[No Variations]"
Add component (AddParameter): Name = "PackageDescription"; Value = "48-Pin Low Profile Quad Flat Package, 7 x 7 mm Body, 0.5 mm Pitch"; VariantName = "[No Variations]"
Add component (AddParameter): Name = "PackageReference"; Value = "LQFP48"; VariantName = "[No Variations]"
Add component (AddParameter): Name = "PackageVersion"; Value = "Rev. 6, 06/2013"; VariantName = "[No Variations]"
Add component (AddParameter): Name = "Packing"; Value = "Tray"; VariantName = "[No Variations]"
Add component (AddParameter): Name = "PartNumber"; Value = "STM32F103CBT6"; VariantName = "[No Variations]"
Add component (AddParameter): Name = "Supplier 1"; Value = "Farnell"; VariantName = "[No Variations]"
Add component (AddParameter): Name = "Supplier 2"; Value = "Newark"; VariantName = "[No Variations]"
Add component (AddParameter): Name = "Supplier 3"; Value = "Newark"; VariantName = "[No Variations]"
Add component (AddParameter): Name = "Supplier Part Number 1"; Value = "1606327"; VariantName = "[No Variations]"
Add component (AddParameter): Name = "Supplier Part Number 2"; Value = "11N8296"; VariantName = "[No Variations]"
Add component (AddParameter): Name = "Supplier Part Number 3"; Value = "57P1214"; VariantName = "[No Variations]"
Add component (AddParameter): Name = "Supply Voltage(Vcc) min (V)"; Value = "2"; VariantName = "[No Variations]"
Added Component: Designator=DD3(SOT23-6)
Added Component: Designator=R1(RES0805)
Add component (AddParameter): Name = "ValueDescription"; Value = "Резистор"; VariantName = "[No Variations]"
Add component (AddParameter): Name = "ValueManufacturer"; Value = ""; VariantName = "[No Variations]"
Add component (AddParameter): Name = "ValueManufacturerPartNumber"; Value = " "" -300 "; VariantName = "[No Variations]"
Add component (AddParameter): Name = "ValueNote"; Value = ""; VariantName = "[No Variations]"
Add component (AddParameter): Name = "ValuePackage"; Value = ""; VariantName = "[No Variations]"
Add component (AddParameter): Name = "ValuePower"; Value = ""; VariantName = "[No Variations]"
Add component (AddParameter): Name = "ValueReserve1"; Value = ""; VariantName = "[No Variations]"
Add component (AddParameter): Name = "ValueReserve2"; Value = ""; VariantName = "[No Variations]"
Add component (AddParameter): Name = "ValueReserve3"; Value = ""; VariantName = "[No Variations]"
Add component (AddParameter): Name = "ValueReserve4"; Value = ""; VariantName = "[No Variations]"
Add component (AddParameter): Name = "ValueTolerance"; Value = ""; VariantName = "[No Variations]"
Add component (AddParameter): Name = "ValueTU"; Value = ""; VariantName = "[No Variations]"
Add component (AddParameter): Name = "ValueType"; Value = ""; VariantName = "[No Variations]"
Add component (AddParameter): Name = "ValueType_TU"; Value = "Резисторы  "; VariantName = "[No Variations]"
Add component (AddParameter): Name = "ValueValue"; Value = "300"; VariantName = "[No Variations]"
Added Component: Designator=R2(RES0805)
Add component (AddParameter): Name = "ValueDescription"; Value = "Резистор"; VariantName = "[No Variations]"
Add component (AddParameter): Name = "ValueManufacturer"; Value = ""; VariantName = "[No Variations]"
Add component (AddParameter): Name = "ValueManufacturerPartNumber"; Value = " "" - "; VariantName = "[No Variations]"
Add component (AddParameter): Name = "ValueNote"; Value = ""; VariantName = "[No Variations]"
Add component (AddParameter): Name = "ValuePackage"; Value = ""; VariantName = "[No Variations]"
Add component (AddParameter): Name = "ValuePower"; Value = ""; VariantName = "[No Variations]"
Add component (AddParameter): Name = "ValueReserve1"; Value = ""; VariantName = "[No Variations]"
Add component (AddParameter): Name = "ValueReserve2"; Value = ""; VariantName = "[No Variations]"
Add component (AddParameter): Name = "ValueReserve3"; Value = ""; VariantName = "[No Variations]"
Add component (AddParameter): Name = "ValueReserve4"; Value = ""; VariantName = "[No Variations]"
Add component (AddParameter): Name = "ValueTolerance"; Value = ""; VariantName = "[No Variations]"
Add component (AddParameter): Name = "ValueTU"; Value = ""; VariantName = "[No Variations]"
Add component (AddParameter): Name = "ValueType"; Value = ""; VariantName = "[No Variations]"
Add component (AddParameter): Name = "ValueType_TU"; Value = "Резисторы  "; VariantName = "[No Variations]"
Add component (AddParameter): Name = "ValueValue"; Value = ""; VariantName = "[No Variations]"
Added Component: Designator=R3(RES0805)
Add component (AddParameter): Name = "ValueDescription"; Value = "Резистор"; VariantName = "[No Variations]"
Add component (AddParameter): Name = "ValueManufacturer"; Value = ""; VariantName = "[No Variations]"
Add component (AddParameter): Name = "ValueManufacturerPartNumber"; Value = " "" -10k "; VariantName = "[No Variations]"
Add component (AddParameter): Name = "ValueNote"; Value = ""; VariantName = "[No Variations]"
Add component (AddParameter): Name = "ValuePackage"; Value = ""; VariantName = "[No Variations]"
Add component (AddParameter): Name = "ValuePower"; Value = ""; VariantName = "[No Variations]"
Add component (AddParameter): Name = "ValueReserve1"; Value = ""; VariantName = "[No Variations]"
Add component (AddParameter): Name = "ValueReserve2"; Value = ""; VariantName = "[No Variations]"
Add component (AddParameter): Name = "ValueReserve3"; Value = ""; VariantName = "[No Variations]"
Add component (AddParameter): Name = "ValueReserve4"; Value = ""; VariantName = "[No Variations]"
Add component (AddParameter): Name = "ValueTolerance"; Value = ""; VariantName = "[No Variations]"
Add component (AddParameter): Name = "ValueTU"; Value = ""; VariantName = "[No Variations]"
Add component (AddParameter): Name = "ValueType"; Value = ""; VariantName = "[No Variations]"
Add component (AddParameter): Name = "ValueType_TU"; Value = "Резисторы  "; VariantName = "[No Variations]"
Add component (AddParameter): Name = "ValueValue"; Value = "10k"; VariantName = "[No Variations]"
Added Component: Designator=R4(RES0805)
Add component (AddParameter): Name = "ValueDescription"; Value = "Резистор"; VariantName = "[No Variations]"
Add component (AddParameter): Name = "ValueManufacturer"; Value = ""; VariantName = "[No Variations]"
Add component (AddParameter): Name = "ValueManufacturerPartNumber"; Value = " "" -22 "; VariantName = "[No Variations]"
Add component (AddParameter): Name = "ValueNote"; Value = ""; VariantName = "[No Variations]"
Add component (AddParameter): Name = "ValuePackage"; Value = ""; VariantName = "[No Variations]"
Add component (AddParameter): Name = "ValuePower"; Value = ""; VariantName = "[No Variations]"
Add component (AddParameter): Name = "ValueReserve1"; Value = ""; VariantName = "[No Variations]"
Add component (AddParameter): Name = "ValueReserve2"; Value = ""; VariantName = "[No Variations]"
Add component (AddParameter): Name = "ValueReserve3"; Value = ""; VariantName = "[No Variations]"
Add component (AddParameter): Name = "ValueReserve4"; Value = ""; VariantName = "[No Variations]"
Add component (AddParameter): Name = "ValueTolerance"; Value = ""; VariantName = "[No Variations]"
Add component (AddParameter): Name = "ValueTU"; Value = ""; VariantName = "[No Variations]"
Add component (AddParameter): Name = "ValueType"; Value = ""; VariantName = "[No Variations]"
Add component (AddParameter): Name = "ValueType_TU"; Value = "Резисторы  "; VariantName = "[No Variations]"
Add component (AddParameter): Name = "ValueValue"; Value = "22"; VariantName = "[No Variations]"
Added Component: Designator=R5(RES0805)
Add component (AddParameter): Name = "ValueDescription"; Value = "Резистор"; VariantName = "[No Variations]"
Add component (AddParameter): Name = "ValueManufacturer"; Value = ""; VariantName = "[No Variations]"
Add component (AddParameter): Name = "ValueManufacturerPartNumber"; Value = " "" -22 "; VariantName = "[No Variations]"
Add component (AddParameter): Name = "ValueNote"; Value = ""; VariantName = "[No Variations]"
Add component (AddParameter): Name = "ValuePackage"; Value = ""; VariantName = "[No Variations]"
Add component (AddParameter): Name = "ValuePower"; Value = ""; VariantName = "[No Variations]"
Add component (AddParameter): Name = "ValueReserve1"; Value = ""; VariantName = "[No Variations]"
Add component (AddParameter): Name = "ValueReserve2"; Value = ""; VariantName = "[No Variations]"
Add component (AddParameter): Name = "ValueReserve3"; Value = ""; VariantName = "[No Variations]"
Add component (AddParameter): Name = "ValueReserve4"; Value = ""; VariantName = "[No Variations]"
Add component (AddParameter): Name = "ValueTolerance"; Value = ""; VariantName = "[No Variations]"
Add component (AddParameter): Name = "ValueTU"; Value = ""; VariantName = "[No Variations]"
Add component (AddParameter): Name = "ValueType"; Value = ""; VariantName = "[No Variations]"
Add component (AddParameter): Name = "ValueType_TU"; Value = "Резисторы  "; VariantName = "[No Variations]"
Add component (AddParameter): Name = "ValueValue"; Value = "22"; VariantName = "[No Variations]"
Added Component: Designator=R6(RES0805)
Add component (AddParameter): Name = "ValueDescription"; Value = "Резистор"; VariantName = "[No Variations]"
Add component (AddParameter): Name = "ValueManufacturer"; Value = ""; VariantName = "[No Variations]"
Add component (AddParameter): Name = "ValueManufacturerPartNumber"; Value = " "" - "; VariantName = "[No Variations]"
Add component (AddParameter): Name = "ValueNote"; Value = ""; VariantName = "[No Variations]"
Add component (AddParameter): Name = "ValuePackage"; Value = ""; VariantName = "[No Variations]"
Add component (AddParameter): Name = "ValuePower"; Value = ""; VariantName = "[No Variations]"
Add component (AddParameter): Name = "ValueReserve1"; Value = ""; VariantName = "[No Variations]"
Add component (AddParameter): Name = "ValueReserve2"; Value = ""; VariantName = "[No Variations]"
Add component (AddParameter): Name = "ValueReserve3"; Value = ""; VariantName = "[No Variations]"
Add component (AddParameter): Name = "ValueReserve4"; Value = ""; VariantName = "[No Variations]"
Add component (AddParameter): Name = "ValueTolerance"; Value = ""; VariantName = "[No Variations]"
Add component (AddParameter): Name = "ValueTU"; Value = ""; VariantName = "[No Variations]"
Add component (AddParameter): Name = "ValueType"; Value = ""; VariantName = "[No Variations]"
Add component (AddParameter): Name = "ValueType_TU"; Value = "Резисторы  "; VariantName = "[No Variations]"
Add component (AddParameter): Name = "ValueValue"; Value = ""; VariantName = "[No Variations]"
Added Component: Designator=SB1(SWT-34)
Add component (AddParameter): Name = "ValueDescription"; Value = "Кнопка тактовая"; VariantName = "[No Variations]"
Add component (AddParameter): Name = "ValueManufacturer"; Value = "Тайвань"; VariantName = "[No Variations]"
Add component (AddParameter): Name = "ValueManufacturerPartNumber"; Value = "SWT-34"; VariantName = "[No Variations]"
Add component (AddParameter): Name = "ValuePackage"; Value = "SWT-34"; VariantName = "[No Variations]"
Add component (AddParameter): Name = "ValueType"; Value = "SWT-34"; VariantName = "[No Variations]"
Added Component: Designator=X1(USB-MINI)
Add component (AddParameter): Name = "A1TXT"; Value = "VCC"; VariantName = "[No Variations]"
Add component (AddParameter): Name = "A2TXT"; Value = "DM"; VariantName = "[No Variations]"
Add component (AddParameter): Name = "A3TXT"; Value = "DP"; VariantName = "[No Variations]"
Add component (AddParameter): Name = "A4TXT"; Value = "ID"; VariantName = "[No Variations]"
Add component (AddParameter): Name = "A5TXT"; Value = "GND"; VariantName = "[No Variations]"
Add component (AddParameter): Name = "ValueDescription"; Value = "Розетка 5-контактная SMD на плату"; VariantName = "[No Variations]"
Add component (AddParameter): Name = "ValueManufacturer"; Value = "Ningbo Xinya M&E"; VariantName = "[No Variations]"
Add component (AddParameter): Name = "ValueManufacturerPartNumber"; Value = "USB-Mini-B"; VariantName = "[No Variations]"
Add component (AddParameter): Name = "ValueType"; Value = "USB-Mini-B"; VariantName = "[No Variations]"
Added Pin To Net: NetName=+3,3B Pin=C1-1
Added Pin To Net: NetName=+3,3B Pin=C2-1
Added Pin To Net: NetName=+3,3B Pin=C3-1
Added Pin To Net: NetName=+3,3B Pin=C4-1
Added Pin To Net: NetName=+3,3B Pin=C5-1
Added Pin To Net: NetName=+3,3B Pin=C6-1
Added Pin To Net: NetName=+3,3B Pin=DD1-1
Added Pin To Net: NetName=+3,3B Pin=DD1-9
Added Pin To Net: NetName=+3,3B Pin=DD1-24
Added Pin To Net: NetName=+3,3B Pin=DD1-36
Added Pin To Net: NetName=+3,3B Pin=DD1-48
Added Pin To Net: NetName=+3,3B Pin=R2-1
Added Pin To Net: NetName=+3,3B Pin=R6-1
Added Pin To Net: NetName=+3,3B Pin=X1-1
Added Net: Name=+3,3B
Added Pin To Net: NetName=BOOT0 Pin=DD1-44
Added Pin To Net: NetName=BOOT0 Pin=R3-2
Added Net: Name=BOOT0
Added Pin To Net: NetName=GND Pin=C1-2
Added Pin To Net: NetName=GND Pin=C2-2
Added Pin To Net: NetName=GND Pin=C3-2
Added Pin To Net: NetName=GND Pin=C4-2
Added Pin To Net: NetName=GND Pin=C5-2
Added Pin To Net: NetName=GND Pin=C6-2
Added Pin To Net: NetName=GND Pin=C7-2
Added Pin To Net: NetName=GND Pin=C8-2
Added Pin To Net: NetName=GND Pin=C9-2
Added Pin To Net: NetName=GND Pin=C10-2
Added Pin To Net: NetName=GND Pin=DD1-8
Added Pin To Net: NetName=GND Pin=DD1-23
Added Pin To Net: NetName=GND Pin=DD1-35
Added Pin To Net: NetName=GND Pin=DD1-47
Added Pin To Net: NetName=GND Pin=DD3-6
Added Pin To Net: NetName=GND Pin=R3-1
Added Pin To Net: NetName=GND Pin=SB1-1
Added Pin To Net: NetName=GND Pin=SB1-2
Added Pin To Net: NetName=GND Pin=X1-5
Added Pin To Net: NetName=GND Pin=X1-6
Added Pin To Net: NetName=GND Pin=X1-6
Added Pin To Net: NetName=GND Pin=X1-6
Added Pin To Net: NetName=GND Pin=X1-6
Added Net: Name=GND
Added Pin To Net: NetName=NetBQ1_3 Pin=BQ1-3
Added Pin To Net: NetName=NetBQ1_3 Pin=C9-1
Added Pin To Net: NetName=NetBQ1_3 Pin=R1-1
Added Net: Name=NetBQ1_3
Added Pin To Net: NetName=NetC10_1 Pin=C10-1
Added Pin To Net: NetName=NetC10_1 Pin=DD3-3
Added Pin To Net: NetName=NetC10_1 Pin=R6-2
Added Net: Name=NetC10_1
Added Pin To Net: NetName=NetDD3_1 Pin=DD3-1
Added Pin To Net: NetName=NetDD3_1 Pin=R5-2
Added Net: Name=NetDD3_1
Added Pin To Net: NetName=NetDD3_2 Pin=DD3-2
Added Pin To Net: NetName=NetDD3_2 Pin=R4-2
Added Net: Name=NetDD3_2
Added Pin To Net: NetName=NetR4_1 Pin=R4-1
Added Pin To Net: NetName=NetR4_1 Pin=X1-2
Added Net: Name=NetR4_1
Added Pin To Net: NetName=NetR5_1 Pin=R5-1
Added Pin To Net: NetName=NetR5_1 Pin=X1-3
Added Net: Name=NetR5_1
Added Pin To Net: NetName=NRST Pin=C8-1
Added Pin To Net: NetName=NRST Pin=DD1-7
Added Pin To Net: NetName=NRST Pin=R2-2
Added Pin To Net: NetName=NRST Pin=SB1-3
Added Pin To Net: NetName=NRST Pin=SB1-4
Added Net: Name=NRST
Added Pin To Net: NetName=OSC_IN Pin=BQ1-1
Added Pin To Net: NetName=OSC_IN Pin=C7-1
Added Pin To Net: NetName=OSC_IN Pin=DD1-5
Added Net: Name=OSC_IN
Added Pin To Net: NetName=OSC_OUT Pin=DD1-6
Added Pin To Net: NetName=OSC_OUT Pin=R1-2
Added Net: Name=OSC_OUT
Added Pin To Net: NetName=USB_DM Pin=DD1-32
Added Pin To Net: NetName=USB_DM Pin=DD3-5
Added Net: Name=USB_DM
Added Pin To Net: NetName=USB_DP Pin=DD1-33
Added Pin To Net: NetName=USB_DP Pin=DD3-4
Added Net: Name=USB_DP
Added Class: Name=EngineControlCircuitSCH_Boyko
Added Room: Name=EngineControlCircuitSCH_Boyko
